Output  : ./quantized-base
Q6K     : policy off
Permute : disabled (build without --features experimental-perm)
Processing: /Users/artemrizhov/.cache/huggingface/hub/models--microsoft--Phi-3-mini-4k-instruct/snapshots/0a67737cc96d2554230f90338b163bc6380a2a85/model-00001-of-00002.safetensors
  Tensors: 128
quantizing Q8K model.layers.7.mlp.gate_up_proj.weight (16384 x 3072)
  MSE (matmul): 2.399103e-4
  MSE (direct): 8.834922e-5
  RMSE: 2.772831e-4, Max Err: 6.011963e-3, Rel Err: 3.131554e-2
    WARNING: High quantization error detected!
       Consider using block-wise permutation or reducing compression
    [INFO] Validation methods differ by 1.51561064e-4
quantizing Q8K model.layers.10.self_attn.o_proj.weight (3072 x 3072)
  MSE (matmul): 1.412984e-4
  MSE (direct): 5.148603e-5
  RMSE: 2.157856e-4, Max Err: 2.746582e-3, Rel Err: 3.245120e-2
    WARNING: High quantization error detected!
       Consider using block-wise permutation or reducing compression
    [INFO] Validation methods differ by 8.98124126e-5
quantizing Q8K model.layers.17.self_attn.qkv_proj.weight (9216 x 3072)
  MSE (matmul): 2.438401e-4
  MSE (direct): 9.140231e-5
  RMSE: 2.841919e-4, Max Err: 3.540039e-3, Rel Err: 3.172173e-2
    WARNING: High quantization error detected!
       Consider using block-wise permutation or reducing compression
    [INFO] Validation methods differ by 1.52437759e-4
quantizing Q8K model.layers.12.self_attn.qkv_proj.weight (9216 x 3072)
  MSE (matmul): 2.795965e-4
  MSE (direct): 1.032646e-4
  RMSE: 2.971793e-4, Max Err: 3.738403e-3, Rel Err: 3.177970e-2
    WARNING: High quantization error detected!
       Consider using block-wise permutation or reducing compression
    [INFO] Validation methods differ by 1.76331960e-4
quantizing Q8K model.layers.15.mlp.gate_up_proj.weight (16384 x 3072)
  MSE (matmul): 2.248678e-4
  MSE (direct): 8.405369e-5
  RMSE: 2.717375e-4, Max Err: 3.112793e-3, Rel Err: 3.124497e-2
    WARNING: High quantization error detected!
       Consider using block-wise permutation or reducing compression
    [INFO] Validation methods differ by 1.40814140e-4
quantizing Q4K model.layers.2.mlp.down_proj.weight (3072 x 8192)
  RMSE: 2.887099e-3, Max Err: 7.779503e-2, Rel Err: 1.006156e0
    WARNING: High Q4K quantization error for model.layers.2.mlp.down_proj.weight
  Q4K size: 13.50 MB  (49% of Q8K)
quantizing Q4K model.layers.19.mlp.down_proj.weight (3072 x 8192)
  RMSE: 3.062103e-3, Max Err: 4.260445e-2, Rel Err: 8.682119e-1
    WARNING: High Q4K quantization error for model.layers.19.mlp.down_proj.weight
  Q4K size: 13.50 MB  (49% of Q8K)
quantizing Q4K model.layers.5.mlp.down_proj.weight (3072 x 8192)
  RMSE: 2.907230e-3, Max Err: 5.643940e-2, Rel Err: 8.555824e-1
    WARNING: High Q4K quantization error for model.layers.5.mlp.down_proj.weight
  Q4K size: 13.50 MB  (49% of Q8K)
quantizing Q4K model.layers.4.mlp.down_proj.weight (3072 x 8192)
  RMSE: 2.901435e-3, Max Err: 7.563782e-2, Rel Err: 1.466032e0
    WARNING: High Q4K quantization error for model.layers.4.mlp.down_proj.weight
  Q4K size: 13.50 MB  (49% of Q8K)
quantizing Q8K model.layers.3.mlp.gate_up_proj.weight (16384 x 3072)
  MSE (matmul): 2.263830e-4
  MSE (direct): 8.253397e-5
  RMSE: 2.702055e-4, Max Err: 5.493164e-3, Rel Err: 3.116031e-2
    WARNING: High quantization error detected!
       Consider using block-wise permutation or reducing compression
    [INFO] Validation methods differ by 1.43849000e-4
quantizing Q8K model.layers.14.self_attn.qkv_proj.weight (9216 x 3072)
  MSE (matmul): 2.665672e-4
  MSE (direct): 9.633524e-5
  RMSE: 2.961678e-4, Max Err: 3.173836e-3, Rel Err: 3.166495e-2
    WARNING: High quantization error detected!
       Consider using block-wise permutation or reducing compression
    [INFO] Validation methods differ by 1.70231971e-4
quantizing Q8K model.layers.6.self_attn.qkv_proj.weight (9216 x 3072)
  MSE (matmul): 3.202179e-4
  MSE (direct): 1.109698e-4
  RMSE: 3.273627e-4, Max Err: 7.568359e-3, Rel Err: 3.259837e-2
    WARNING: High quantization error detected!
       Consider using block-wise permutation or reducing compression
    [INFO] Validation methods differ by 2.09248145e-4
quantizing Q4K model.layers.1.mlp.down_proj.weight (3072 x 8192)
  RMSE: 2.855773e-3, Max Err: 5.115509e-2, Rel Err: 1.161092e0
    WARNING: High Q4K quantization error for model.layers.1.mlp.down_proj.weight
  Q4K size: 13.50 MB  (49% of Q8K)
quantizing Q8K model.layers.14.mlp.gate_up_proj.weight (16384 x 3072)
  MSE (matmul): 2.263648e-4
  MSE (direct): 8.506046e-5
  RMSE: 2.724208e-4, Max Err: 4.150391e-3, Rel Err: 3.128858e-2
    WARNING: High quantization error detected!
       Consider using block-wise permutation or reducing compression
    [INFO] Validation methods differ by 1.41304365e-4
quantizing Q8K model.layers.4.self_attn.o_proj.weight (3072 x 3072)
  MSE (matmul): 1.269042e-4
  MSE (direct): 4.820043e-5
  RMSE: 2.076462e-4, Max Err: 3.112793e-3, Rel Err: 3.171116e-2
    WARNING: High quantization error detected!
       Consider using block-wise permutation or reducing compression
    [INFO] Validation methods differ by 7.87037570e-5
quantizing Q8K model.layers.0.self_attn.qkv_proj.weight (9216 x 3072)
  MSE (matmul): 3.728285e-4
  MSE (direct): 1.136768e-4
  RMSE: 3.476770e-4, Max Err: 8.544922e-3, Rel Err: 7.929306e-2
    WARNING: High quantization error detected!
       Consider using block-wise permutation or reducing compression
    [INFO] Validation methods differ by 2.59151682e-4
quantizing Q4K model.layers.8.mlp.down_proj.weight (3072 x 8192)
  RMSE: 2.892069e-3, Max Err: 5.076790e-2, Rel Err: 9.826426e-1
    WARNING: High Q4K quantization error for model.layers.8.mlp.down_proj.weight
  Q4K size: 13.50 MB  (49% of Q8K)
quantizing Q8K model.layers.11.mlp.gate_up_proj.weight (16384 x 3072)
  MSE (matmul): 2.251458e-4
  MSE (direct): 8.488716e-5
  RMSE: 2.726913e-4, Max Err: 2.593994e-3, Rel Err: 3.131611e-2
    WARNING: High quantization error detected!
       Consider using block-wise permutation or reducing compression
    [INFO] Validation methods differ by 1.40258606e-4
quantizing Q8K model.layers.13.self_attn.qkv_proj.weight (9216 x 3072)
  MSE (matmul): 2.594749e-4
  MSE (direct): 9.542881e-5
  RMSE: 2.900458e-4, Max Err: 3.234863e-3, Rel Err: 3.173984e-2
    WARNING: High quantization error detected!
       Consider using block-wise permutation or reducing compression
    [INFO] Validation methods differ by 1.64046098e-4
quantizing Q8K model.layers.18.self_attn.qkv_proj.weight (9216 x 3072)
  MSE (matmul): 2.494140e-4
  MSE (direct): 8.921089e-5
  RMSE: 2.836153e-4, Max Err: 3.250122e-3, Rel Err: 3.167171e-2
    WARNING: High quantization error detected!
       Consider using block-wise permutation or reducing compression
    [INFO] Validation methods differ by 1.60203141e-4
quantizing Q4K model.layers.13.mlp.down_proj.weight (3072 x 8192)
  RMSE: 2.986203e-3, Max Err: 8.589363e-2, Rel Err: 9.585068e-1
    WARNING: High Q4K quantization error for model.layers.13.mlp.down_proj.weight
  Q4K size: 13.50 MB  (49% of Q8K)
quantizing Q8K model.layers.16.self_attn.o_proj.weight (3072 x 3072)
  MSE (matmul): 1.791678e-4
  MSE (direct): 6.795134e-5
  RMSE: 2.402627e-4, Max Err: 2.563477e-3, Rel Err: 3.190072e-2
    WARNING: High quantization error detected!
       Consider using block-wise permutation or reducing compression
    [INFO] Validation methods differ by 1.11216483e-4
quantizing Q8K model.layers.18.mlp.gate_up_proj.weight (16384 x 3072)
  MSE (matmul): 2.323740e-4
  MSE (direct): 8.803009e-5
  RMSE: 2.751152e-4, Max Err: 3.540039e-3, Rel Err: 3.124555e-2
    WARNING: High quantization error detected!
       Consider using block-wise permutation or reducing compression
    [INFO] Validation methods differ by 1.44343954e-4
quantizing Q8K model.layers.4.mlp.gate_up_proj.weight (16384 x 3072)
  MSE (matmul): 2.273233e-4
  MSE (direct): 8.353041e-5
  RMSE: 2.723550e-4, Max Err: 5.584717e-3, Rel Err: 3.122551e-2
    WARNING: High quantization error detected!
       Consider using block-wise permutation or reducing compression
    [INFO] Validation methods differ by 1.43792888e-4
quantizing Q8K model.layers.4.self_attn.qkv_proj.weight (9216 x 3072)
  MSE (matmul): 3.264683e-4
  MSE (direct): 1.198263e-4
  RMSE: 3.286451e-4, Max Err: 9.521484e-3, Rel Err: 3.300957e-2
    WARNING: High quantization error detected!
       Consider using block-wise permutation or reducing compression
    [INFO] Validation methods differ by 2.06641984e-4
quantizing Q8K model.layers.0.mlp.gate_up_proj.weight (16384 x 3072)
  MSE (matmul): 1.532849e-4
  MSE (direct): 5.701352e-5
  RMSE: 2.244274e-4, Max Err: 3.112793e-3, Rel Err: 3.127142e-2
    WARNING: High quantization error detected!
       Consider using block-wise permutation or reducing compression
    [INFO] Validation methods differ by 9.62714257e-5
quantizing Q8K model.layers.8.mlp.gate_up_proj.weight (16384 x 3072)
  MSE (matmul): 2.296758e-4
  MSE (direct): 8.708964e-5
  RMSE: 2.755498e-4, Max Err: 3.936768e-3, Rel Err: 3.127225e-2
    WARNING: High quantization error detected!
       Consider using block-wise permutation or reducing compression
    [INFO] Validation methods differ by 1.42586185e-4
quantizing Q8K model.layers.11.self_attn.o_proj.weight (3072 x 3072)
  MSE (matmul): 1.459390e-4
  MSE (direct): 5.574529e-5
  RMSE: 2.150050e-4, Max Err: 2.441406e-3, Rel Err: 3.186099e-2
    WARNING: High quantization error detected!
       Consider using block-wise permutation or reducing compression
    [INFO] Validation methods differ by 9.01937601e-5
quantizing Q8K model.layers.2.self_attn.qkv_proj.weight (9216 x 3072)
  MSE (matmul): 4.542432e-4
  MSE (direct): 1.596893e-4
  RMSE: 3.913615e-4, Max Err: 4.943848e-3, Rel Err: 3.882259e-2
    WARNING: High quantization error detected!
       Consider using block-wise permutation or reducing compression
    [INFO] Validation methods differ by 2.94553931e-4
quantizing Q8K model.layers.9.self_attn.o_proj.weight (3072 x 3072)
  MSE (matmul): 1.487007e-4
  MSE (direct): 5.350137e-5
  RMSE: 2.173403e-4, Max Err: 2.685547e-3, Rel Err: 3.223816e-2
    WARNING: High quantization error detected!
       Consider using block-wise permutation or reducing compression
    [INFO] Validation methods differ by 9.51993425e-5
quantizing Q8K model.layers.7.self_attn.o_proj.weight (3072 x 3072)
  MSE (matmul): 1.421966e-4
  MSE (direct): 5.110374e-5
  RMSE: 2.122334e-4, Max Err: 5.065918e-3, Rel Err: 3.227859e-2
    WARNING: High quantization error detected!
       Consider using block-wise permutation or reducing compression
    [INFO] Validation methods differ by 9.10928211e-5
quantizing Q8K model.layers.16.mlp.gate_up_proj.weight (16384 x 3072)
  MSE (matmul): 2.301511e-4
  MSE (direct): 8.493807e-5
  RMSE: 2.717339e-4, Max Err: 3.204349e-3, Rel Err: 3.125442e-2
    WARNING: High quantization error detected!
       Consider using block-wise permutation or reducing compression
    [INFO] Validation methods differ by 1.45213067e-4
quantizing Q4K model.layers.14.mlp.down_proj.weight (3072 x 8192)
  RMSE: 2.991589e-3, Max Err: 6.229782e-2, Rel Err: 1.166792e0
    WARNING: High Q4K quantization error for model.layers.14.mlp.down_proj.weight
  Q4K size: 13.50 MB  (49% of Q8K)
quantizing Q4K model.layers.20.mlp.down_proj.weight (3072 x 8192)
  RMSE: 3.063921e-3, Max Err: 4.547882e-2, Rel Err: 1.097138e0
    WARNING: High Q4K quantization error for model.layers.20.mlp.down_proj.weight
  Q4K size: 13.50 MB  (49% of Q8K)
quantizing Q8K model.layers.15.self_attn.o_proj.weight (3072 x 3072)
  MSE (matmul): 1.657972e-4
  MSE (direct): 6.327414e-5
  RMSE: 2.337623e-4, Max Err: 2.990723e-3, Rel Err: 3.179790e-2
    WARNING: High quantization error detected!
       Consider using block-wise permutation or reducing compression
    [INFO] Validation methods differ by 1.02523067e-4
quantizing Q8K model.layers.19.mlp.gate_up_proj.weight (16384 x 3072)
  MSE (matmul): 2.367860e-4
  MSE (direct): 8.889199e-5
  RMSE: 2.749690e-4, Max Err: 4.028320e-3, Rel Err: 3.117558e-2
    WARNING: High quantization error detected!
       Consider using block-wise permutation or reducing compression
    [INFO] Validation methods differ by 1.47893996e-4
quantizing Q4K model.layers.10.mlp.down_proj.weight (3072 x 8192)
  RMSE: 2.939676e-3, Max Err: 4.795837e-2, Rel Err: 9.555630e-1
    WARNING: High Q4K quantization error for model.layers.10.mlp.down_proj.weight
  Q4K size: 13.50 MB  (49% of Q8K)
quantizing Q4K model.layers.15.mlp.down_proj.weight (3072 x 8192)
  RMSE: 3.000672e-3, Max Err: 3.522015e-2, Rel Err: 1.187949e0
    WARNING: High Q4K quantization error for model.layers.15.mlp.down_proj.weight
  Q4K size: 13.50 MB  (49% of Q8K)
quantizing Q4K model.layers.16.mlp.down_proj.weight (3072 x 8192)
  RMSE: 3.018199e-3, Max Err: 3.890419e-2, Rel Err: 1.176728e0
    WARNING: High Q4K quantization error for model.layers.16.mlp.down_proj.weight
  Q4K size: 13.50 MB  (49% of Q8K)
quantizing Q8K model.layers.1.self_attn.o_proj.weight (3072 x 3072)
  MSE (matmul): 1.033509e-4
  MSE (direct): 3.661899e-5
  RMSE: 1.903772e-4, Max Err: 3.036499e-3, Rel Err: 3.872539e-2
    WARNING: High quantization error detected!
       Consider using block-wise permutation or reducing compression
    [INFO] Validation methods differ by 6.67319109e-5
quantizing Q8K model.layers.21.self_attn.o_proj.weight (3072 x 3072)
  MSE (matmul): 2.293216e-4
  MSE (direct): 9.019078e-5
  RMSE: 2.749942e-4, Max Err: 1.983643e-3, Rel Err: 3.192078e-2
    WARNING: High quantization error detected!
       Consider using block-wise permutation or reducing compression
    [INFO] Validation methods differ by 1.39130774e-4
quantizing Q8K model.layers.2.mlp.gate_up_proj.weight (16384 x 3072)
  MSE (matmul): 2.151607e-4
  MSE (direct): 8.101202e-5
  RMSE: 2.668035e-4, Max Err: 5.859375e-3, Rel Err: 3.120450e-2
    WARNING: High quantization error detected!
       Consider using block-wise permutation or reducing compression
    [INFO] Validation methods differ by 1.34148635e-4
quantizing Q8K model.layers.3.self_attn.o_proj.weight (3072 x 3072)
  MSE (matmul): 1.400109e-4
  MSE (direct): 5.194626e-5
  RMSE: 2.157358e-4, Max Err: 2.990723e-3, Rel Err: 3.132370e-2
    WARNING: High quantization error detected!
       Consider using block-wise permutation or reducing compression
    [INFO] Validation methods differ by 8.80645966e-5
quantizing Q8K model.layers.19.self_attn.o_proj.weight (3072 x 3072)
  MSE (matmul): 2.033543e-4
  MSE (direct): 7.600580e-5
  RMSE: 2.565884e-4, Max Err: 2.624512e-3, Rel Err: 3.160749e-2
    WARNING: High quantization error detected!
       Consider using block-wise permutation or reducing compression
    [INFO] Validation methods differ by 1.27348525e-4
quantizing Q8K model.layers.15.self_attn.qkv_proj.weight (9216 x 3072)
  MSE (matmul): 2.524386e-4
  MSE (direct): 9.407725e-5
  RMSE: 2.878609e-4, Max Err: 2.990723e-3, Rel Err: 3.164158e-2
    WARNING: High quantization error detected!
       Consider using block-wise permutation or reducing compression
    [INFO] Validation methods differ by 1.58361363e-4
quantizing Q8K model.layers.12.self_attn.o_proj.weight (3072 x 3072)
  MSE (matmul): 1.577974e-4
  MSE (direct): 5.700928e-5
  RMSE: 2.232300e-4, Max Err: 2.807617e-3, Rel Err: 3.159744e-2
    WARNING: High quantization error detected!
       Consider using block-wise permutation or reducing compression
    [INFO] Validation methods differ by 1.00788078e-4
quantizing Q8K model.layers.14.self_attn.o_proj.weight (3072 x 3072)
  MSE (matmul): 1.639132e-4
  MSE (direct): 6.233197e-5
  RMSE: 2.319188e-4, Max Err: 2.777100e-3, Rel Err: 3.166304e-2
    WARNING: High quantization error detected!
       Consider using block-wise permutation or reducing compression
    [INFO] Validation methods differ by 1.01581194e-4
quantizing Q8K model.layers.7.self_attn.qkv_proj.weight (9216 x 3072)
  MSE (matmul): 3.059558e-4
  MSE (direct): 1.068343e-4
  RMSE: 3.211533e-4, Max Err: 6.591797e-3, Rel Err: 3.234674e-2
    WARNING: High quantization error detected!
       Consider using block-wise permutation or reducing compression
    [INFO] Validation methods differ by 1.99121569e-4
quantizing Q8K model.layers.20.self_attn.o_proj.weight (3072 x 3072)
  MSE (matmul): 2.282186e-4
  MSE (direct): 8.727132e-5
  RMSE: 2.704252e-4, Max Err: 4.180908e-3, Rel Err: 3.180754e-2
    WARNING: High quantization error detected!
       Consider using block-wise permutation or reducing compression
    [INFO] Validation methods differ by 1.40947232e-4
quantizing Q8K model.layers.10.mlp.gate_up_proj.weight (16384 x 3072)
  MSE (matmul): 2.242184e-4
  MSE (direct): 8.521244e-5
  RMSE: 2.730309e-4, Max Err: 2.777100e-3, Rel Err: 3.129766e-2
    WARNING: High quantization error detected!
       Consider using block-wise permutation or reducing compression
    [INFO] Validation methods differ by 1.39005919e-4
quantizing Q8K model.layers.6.mlp.gate_up_proj.weight (16384 x 3072)
  MSE (matmul): 2.261030e-4
  MSE (direct): 8.600581e-5
  RMSE: 2.745729e-4, Max Err: 2.990723e-3, Rel Err: 3.122103e-2
    WARNING: High quantization error detected!
       Consider using block-wise permutation or reducing compression
    [INFO] Validation methods differ by 1.40097211e-4
quantizing Q8K model.layers.18.self_attn.o_proj.weight (3072 x 3072)
  MSE (matmul): 2.054552e-4
  MSE (direct): 8.318576e-5
  RMSE: 2.622882e-4, Max Err: 2.548218e-3, Rel Err: 3.231035e-2
    WARNING: High quantization error detected!
       Consider using block-wise permutation or reducing compression
    [INFO] Validation methods differ by 1.22269426e-4
quantizing Q8K model.layers.10.self_attn.qkv_proj.weight (9216 x 3072)
  MSE (matmul): 2.591632e-4
  MSE (direct): 9.438459e-5
  RMSE: 2.938651e-4, Max Err: 4.211426e-3, Rel Err: 3.170179e-2
    WARNING: High quantization error detected!
       Consider using block-wise permutation or reducing compression
    [INFO] Validation methods differ by 1.64778641e-4
quantizing Q8K model.layers.3.self_attn.qkv_proj.weight (9216 x 3072)
  MSE (matmul): 3.800818e-4
  MSE (direct): 1.340018e-4
  RMSE: 3.552877e-4, Max Err: 8.666992e-3, Rel Err: 3.460744e-2
    WARNING: High quantization error detected!
       Consider using block-wise permutation or reducing compression
    [INFO] Validation methods differ by 2.46079988e-4
quantizing Q4K model.layers.11.mlp.down_proj.weight (3072 x 8192)
  RMSE: 2.948161e-3, Max Err: 5.017757e-2, Rel Err: 8.686841e-1
    WARNING: High Q4K quantization error for model.layers.11.mlp.down_proj.weight
  Q4K size: 13.50 MB  (49% of Q8K)
quantizing Q8K model.layers.19.self_attn.qkv_proj.weight (9216 x 3072)
  MSE (matmul): 2.398942e-4
  MSE (direct): 8.771205e-5
  RMSE: 2.795277e-4, Max Err: 3.097534e-3, Rel Err: 3.167262e-2
    WARNING: High quantization error detected!
       Consider using block-wise permutation or reducing compression
    [INFO] Validation methods differ by 1.52182183e-4
quantizing Q4K model.layers.7.mlp.down_proj.weight (3072 x 8192)
  RMSE: 2.887725e-3, Max Err: 1.070614e-1, Rel Err: 9.548812e-1
    WARNING: High Q4K quantization error for model.layers.7.mlp.down_proj.weight
  Q4K size: 13.50 MB  (49% of Q8K)
quantizing Q4K model.layers.12.mlp.down_proj.weight (3072 x 8192)
  RMSE: 2.956532e-3, Max Err: 4.191399e-2, Rel Err: 1.073553e0
    WARNING: High Q4K quantization error for model.layers.12.mlp.down_proj.weight
  Q4K size: 13.50 MB  (49% of Q8K)
quantizing Q4K model.layers.17.mlp.down_proj.weight (3072 x 8192)
  RMSE: 3.026695e-3, Max Err: 3.495407e-2, Rel Err: 9.815534e-1
    WARNING: High Q4K quantization error for model.layers.17.mlp.down_proj.weight
  Q4K size: 13.50 MB  (49% of Q8K)
quantizing Q4K model.layers.18.mlp.down_proj.weight (3072 x 8192)
  RMSE: 3.045541e-3, Max Err: 4.131317e-2, Rel Err: 1.298815e0
    WARNING: High Q4K quantization error for model.layers.18.mlp.down_proj.weight
  Q4K size: 13.50 MB  (49% of Q8K)
quantizing Q8K model.layers.8.self_attn.o_proj.weight (3072 x 3072)
  MSE (matmul): 1.375866e-4
  MSE (direct): 5.206428e-5
  RMSE: 2.138941e-4, Max Err: 2.868660e-3, Rel Err: 3.226438e-2
    WARNING: High quantization error detected!
       Consider using block-wise permutation or reducing compression
    [INFO] Validation methods differ by 8.55222752e-5
quantizing Q8K model.layers.16.self_attn.qkv_proj.weight (9216 x 3072)
  MSE (matmul): 2.582232e-4
  MSE (direct): 9.465672e-5
  RMSE: 2.897700e-4, Max Err: 4.058838e-3, Rel Err: 3.174300e-2
    WARNING: High quantization error detected!
       Consider using block-wise permutation or reducing compression
    [INFO] Validation methods differ by 1.63566525e-4
quantizing Q8K model.layers.5.self_attn.o_proj.weight (3072 x 3072)
  MSE (matmul): 1.388802e-4
  MSE (direct): 5.285162e-5
  RMSE: 2.150653e-4, Max Err: 3.417969e-3, Rel Err: 3.175501e-2
    WARNING: High quantization error detected!
       Consider using block-wise permutation or reducing compression
    [INFO] Validation methods differ by 8.60285654e-5
quantizing Q8K model.layers.1.self_attn.qkv_proj.weight (9216 x 3072)
  MSE (matmul): 4.293562e-4
  MSE (direct): 1.391692e-4
  RMSE: 3.680963e-4, Max Err: 5.981445e-3, Rel Err: 5.174330e-2
    WARNING: High quantization error detected!
       Consider using block-wise permutation or reducing compression
    [INFO] Validation methods differ by 2.90186901e-4
quantizing Q8K model.layers.9.self_attn.qkv_proj.weight (9216 x 3072)
  MSE (matmul): 2.929082e-4
  MSE (direct): 1.057694e-4
  RMSE: 3.100444e-4, Max Err: 5.554199e-3, Rel Err: 3.177809e-2
    WARNING: High quantization error detected!
       Consider using block-wise permutation or reducing compression
    [INFO] Validation methods differ by 1.87138736e-4
quantizing Q8K model.layers.17.mlp.gate_up_proj.weight (16384 x 3072)
  MSE (matmul): 2.270171e-4
  MSE (direct): 8.436971e-5
  RMSE: 2.734494e-4, Max Err: 6.103516e-3, Rel Err: 3.121247e-2
    WARNING: High quantization error detected!
       Consider using block-wise permutation or reducing compression
    [INFO] Validation methods differ by 1.42647405e-4
quantizing Q8K model.layers.11.self_attn.qkv_proj.weight (9216 x 3072)
  MSE (matmul): 2.800097e-4
  MSE (direct): 1.028210e-4
  RMSE: 3.023601e-4, Max Err: 3.784187e-3, Rel Err: 3.172774e-2
    WARNING: High quantization error detected!
       Consider using block-wise permutation or reducing compression
    [INFO] Validation methods differ by 1.77188718e-4
quantizing Q4K model.layers.0.mlp.down_proj.weight (3072 x 8192)
  RMSE: 2.697852e-3, Max Err: 4.861355e-2, Rel Err: 1.027632e0
    WARNING: High Q4K quantization error for model.layers.0.mlp.down_proj.weight
  Q4K size: 13.50 MB  (49% of Q8K)
quantizing Q8K model.layers.6.self_attn.o_proj.weight (3072 x 3072)
  MSE (matmul): 1.342920e-4
  MSE (direct): 4.836155e-5
  RMSE: 2.149932e-4, Max Err: 3.417969e-3, Rel Err: 3.195951e-2
    WARNING: High quantization error detected!
       Consider using block-wise permutation or reducing compression
    [INFO] Validation methods differ by 8.59304128e-5
quantizing Q4K model.layers.9.mlp.down_proj.weight (3072 x 8192)
  RMSE: 2.935273e-3, Max Err: 3.994179e-2, Rel Err: 8.096288e-1
    WARNING: High Q4K quantization error for model.layers.9.mlp.down_proj.weight
  Q4K size: 13.50 MB  (49% of Q8K)
quantizing Q8K model.layers.1.mlp.gate_up_proj.weight (16384 x 3072)
  MSE (matmul): 2.052955e-4
  MSE (direct): 7.669252e-5
  RMSE: 2.590248e-4, Max Err: 4.394531e-3, Rel Err: 3.126646e-2
    WARNING: High quantization error detected!
       Consider using block-wise permutation or reducing compression
    [INFO] Validation methods differ by 1.28602973e-4
quantizing Q8K model.layers.5.self_attn.qkv_proj.weight (9216 x 3072)
  MSE (matmul): 3.496787e-4
  MSE (direct): 1.180625e-4
  RMSE: 3.401729e-4, Max Err: 8.117676e-3, Rel Err: 3.299043e-2
    WARNING: High quantization error detected!
       Consider using block-wise permutation or reducing compression
    [INFO] Validation methods differ by 2.31616199e-4
quantizing Q8K model.layers.17.self_attn.o_proj.weight (3072 x 3072)
  MSE (matmul): 2.048036e-4
  MSE (direct): 7.480339e-5
  RMSE: 2.513438e-4, Max Err: 2.319336e-3, Rel Err: 3.164789e-2
    WARNING: High quantization error detected!
       Consider using block-wise permutation or reducing compression
    [INFO] Validation methods differ by 1.30000190e-4
quantizing Q8K model.layers.9.mlp.gate_up_proj.weight (16384 x 3072)
  MSE (matmul): 2.295578e-4
  MSE (direct): 8.600028e-5
  RMSE: 2.750203e-4, Max Err: 4.272461e-3, Rel Err: 3.129984e-2
    WARNING: High quantization error detected!
       Consider using block-wise permutation or reducing compression
    [INFO] Validation methods differ by 1.43557496e-4
quantizing Q4K model.layers.6.mlp.down_proj.weight (3072 x 8192)
  RMSE: 2.891750e-3, Max Err: 4.507351e-2, Rel Err: 7.942196e-1
    WARNING: High Q4K quantization error for model.layers.6.mlp.down_proj.weight
  Q4K size: 13.50 MB  (49% of Q8K)
quantizing Q4K model.layers.3.mlp.down_proj.weight (3072 x 8192)
  RMSE: 2.898587e-3, Max Err: 3.662586e-2, Rel Err: 9.226945e-1
    WARNING: High Q4K quantization error for model.layers.3.mlp.down_proj.weight
  Q4K size: 13.50 MB  (49% of Q8K)
quantizing Q8K model.layers.0.self_attn.o_proj.weight (3072 x 3072)
  MSE (matmul): 7.072178e-5
  MSE (direct): 2.779688e-5
  RMSE: 1.563042e-4, Max Err: 3.601074e-3, Rel Err: 4.140035e-2
    WARNING: High quantization error detected!
       Consider using block-wise permutation or reducing compression
    [INFO] Validation methods differ by 4.29248903e-5
quantizing Q8K model.layers.13.mlp.gate_up_proj.weight (16384 x 3072)
  MSE (matmul): 2.255407e-4
  MSE (direct): 8.403624e-5
  RMSE: 2.725112e-4, Max Err: 5.371094e-3, Rel Err: 3.126464e-2
    WARNING: High quantization error detected!
       Consider using block-wise permutation or reducing compression
    [INFO] Validation methods differ by 1.41504424e-4
quantizing Q8K model.layers.5.mlp.gate_up_proj.weight (16384 x 3072)
  MSE (matmul): 2.334173e-4
  MSE (direct): 8.541691e-5
  RMSE: 2.725137e-4, Max Err: 2.593994e-3, Rel Err: 3.122678e-2
    WARNING: High quantization error detected!
       Consider using block-wise permutation or reducing compression
    [INFO] Validation methods differ by 1.48000399e-4
quantizing Q8K model.layers.20.mlp.gate_up_proj.weight (16384 x 3072)
  MSE (matmul): 2.312339e-4
  MSE (direct): 8.653330e-5
  RMSE: 2.747363e-4, Max Err: 2.182007e-3, Rel Err: 3.112242e-2
    WARNING: High quantization error detected!
       Consider using block-wise permutation or reducing compression
    [INFO] Validation methods differ by 1.44700607e-4
quantizing Q8K model.layers.2.self_attn.o_proj.weight (3072 x 3072)
  MSE (matmul): 1.180058e-4
  MSE (direct): 4.618693e-5
  RMSE: 1.980457e-4, Max Err: 4.882812e-3, Rel Err: 3.275245e-2
    WARNING: High quantization error detected!
       Consider using block-wise permutation or reducing compression
    [INFO] Validation methods differ by 7.18188821e-5
quantizing Q8K model.layers.20.self_attn.qkv_proj.weight (9216 x 3072)
  MSE (matmul): 2.370999e-4
  MSE (direct): 8.635844e-5
  RMSE: 2.791775e-4, Max Err: 3.295898e-3, Rel Err: 3.170903e-2
    WARNING: High quantization error detected!
       Consider using block-wise permutation or reducing compression
    [INFO] Validation methods differ by 1.50741485e-4
quantizing Q8K model.layers.8.self_attn.qkv_proj.weight (9216 x 3072)
  MSE (matmul): 2.924752e-4
  MSE (direct): 1.045566e-4
  RMSE: 3.099917e-4, Max Err: 6.988525e-3, Rel Err: 3.198348e-2
    WARNING: High quantization error detected!
       Consider using block-wise permutation or reducing compression
    [INFO] Validation methods differ by 1.87918529e-4
quantizing Q8K model.layers.12.mlp.gate_up_proj.weight (16384 x 3072)
  MSE (matmul): 2.193997e-4
  MSE (direct): 8.257885e-5
  RMSE: 2.712097e-4, Max Err: 3.326418e-3, Rel Err: 3.128437e-2
    WARNING: High quantization error detected!
       Consider using block-wise permutation or reducing compression
    [INFO] Validation methods differ by 1.36820861e-4
quantizing Q8K model.layers.13.self_attn.o_proj.weight (3072 x 3072)
  MSE (matmul): 1.491288e-4
  MSE (direct): 5.934321e-5
  RMSE: 2.320349e-4, Max Err: 1.293945e-2, Rel Err: 3.239218e-2
    WARNING: High quantization error detected!
       Consider using block-wise permutation or reducing compression
    [INFO] Validation methods differ by 8.97855934e-5
Done in 20.16s. Q8K: 64, Q6K: 0, Q4K: 21, skipped: 43
Output  : ./quantized-base
Q6K     : policy off
Permute : disabled (build without --features experimental-perm)
Processing: /Users/artemrizhov/.cache/huggingface/hub/models--microsoft--Phi-3-mini-4k-instruct/snapshots/0a67737cc96d2554230f90338b163bc6380a2a85/model-00002-of-00002.safetensors
  Tensors: 67
quantizing Q4K model.layers.29.mlp.down_proj.weight (3072 x 8192)
  RMSE: 3.160609e-3, Max Err: 9.101868e-2, Rel Err: 7.940610e-1
    WARNING: High Q4K quantization error for model.layers.29.mlp.down_proj.weight
  Q4K size: 13.50 MB  (49% of Q8K)
quantizing Q4K model.layers.31.mlp.down_proj.weight (3072 x 8192)
  RMSE: 3.114314e-3, Max Err: 7.800102e-2, Rel Err: 8.100213e-1
    WARNING: High Q4K quantization error for model.layers.31.mlp.down_proj.weight
  Q4K size: 13.50 MB  (49% of Q8K)
quantizing Q4K model.layers.23.mlp.down_proj.weight (3072 x 8192)
  RMSE: 3.122330e-3, Max Err: 5.363655e-2, Rel Err: 8.286905e-1
    WARNING: High Q4K quantization error for model.layers.23.mlp.down_proj.weight
  Q4K size: 13.50 MB  (49% of Q8K)
quantizing Q4K model.layers.26.mlp.down_proj.weight (3072 x 8192)
  RMSE: 3.164911e-3, Max Err: 4.077530e-2, Rel Err: 1.041114e0
    WARNING: High Q4K quantization error for model.layers.26.mlp.down_proj.weight
  Q4K size: 13.50 MB  (49% of Q8K)
quantizing Q8K model.layers.26.mlp.gate_up_proj.weight (16384 x 3072)
  MSE (matmul): 2.371103e-4
  MSE (direct): 8.852635e-5
  RMSE: 2.788579e-4, Max Err: 3.570557e-3, Rel Err: 3.108257e-2
    WARNING: High quantization error detected!
       Consider using block-wise permutation or reducing compression
    [INFO] Validation methods differ by 1.48583989e-4
quantizing Q8K model.layers.22.mlp.gate_up_proj.weight (16384 x 3072)
  MSE (matmul): 2.340297e-4
  MSE (direct): 8.694048e-5
  RMSE: 2.761040e-4, Max Err: 2.410889e-3, Rel Err: 3.113446e-2
    WARNING: High quantization error detected!
       Consider using block-wise permutation or reducing compression
    [INFO] Validation methods differ by 1.47089217e-4
quantizing Q4K model.layers.27.mlp.down_proj.weight (3072 x 8192)
  RMSE: 3.177549e-3, Max Err: 4.800797e-2, Rel Err: 1.046567e0
    WARNING: High Q4K quantization error for model.layers.27.mlp.down_proj.weight
  Q4K size: 13.50 MB  (49% of Q8K)
quantizing Q8K model.layers.25.mlp.gate_up_proj.weight (16384 x 3072)
  MSE (matmul): 2.380213e-4
  MSE (direct): 8.973268e-5
  RMSE: 2.779951e-4, Max Err: 2.441406e-3, Rel Err: 3.109053e-2
    WARNING: High quantization error detected!
       Consider using block-wise permutation or reducing compression
    [INFO] Validation methods differ by 1.48288585e-4
quantizing Q4K model.layers.22.mlp.down_proj.weight (3072 x 8192)
  RMSE: 3.105530e-3, Max Err: 4.111481e-2, Rel Err: 1.709410e0
    WARNING: High Q4K quantization error for model.layers.22.mlp.down_proj.weight
  Q4K size: 13.50 MB  (49% of Q8K)
quantizing Q8K lm_head.weight (32064 x 3072)
  MSE (matmul): 3.318453e-4
  MSE (direct): 1.264945e-4
  RMSE: 3.280213e-4, Max Err: 2.136230e-3, Rel Err: 3.120017e-2
    WARNING: High quantization error detected!
       Consider using block-wise permutation or reducing compression
    [INFO] Validation methods differ by 2.05350749e-4
quantizing Q8K model.layers.27.self_attn.o_proj.weight (3072 x 3072)
  MSE (matmul): 3.038837e-4
  MSE (direct): 1.136919e-4
  RMSE: 3.126403e-4, Max Err: 3.112793e-3, Rel Err: 3.166414e-2
    WARNING: High quantization error detected!
       Consider using block-wise permutation or reducing compression
    [INFO] Validation methods differ by 1.90191844e-4
quantizing Q4K model.layers.28.mlp.down_proj.weight (3072 x 8192)
  RMSE: 3.174860e-3, Max Err: 4.390144e-2, Rel Err: 8.903726e-1
    WARNING: High Q4K quantization error for model.layers.28.mlp.down_proj.weight
  Q4K size: 13.50 MB  (49% of Q8K)
quantizing Q8K model.layers.28.self_attn.o_proj.weight (3072 x 3072)
  MSE (matmul): 3.345665e-4
  MSE (direct): 1.300254e-4
  RMSE: 3.281134e-4, Max Err: 2.868652e-3, Rel Err: 3.169601e-2
    WARNING: High quantization error detected!
       Consider using block-wise permutation or reducing compression
    [INFO] Validation methods differ by 2.04541109e-4
quantizing Q8K model.layers.27.self_attn.qkv_proj.weight (9216 x 3072)
  MSE (matmul): 2.440434e-4
  MSE (direct): 8.914144e-5
  RMSE: 2.799997e-4, Max Err: 3.448494e-3, Rel Err: 3.199420e-2
    WARNING: High quantization error detected!
       Consider using block-wise permutation or reducing compression
    [INFO] Validation methods differ by 1.54901922e-4
quantizing Q8K model.layers.30.self_attn.o_proj.weight (3072 x 3072)
  MSE (matmul): 3.599630e-4
  MSE (direct): 1.396050e-4
  RMSE: 3.438297e-4, Max Err: 4.211426e-3, Rel Err: 3.235851e-2
    WARNING: High quantization error detected!
       Consider using block-wise permutation or reducing compression
    [INFO] Validation methods differ by 2.20358037e-4
quantizing Q8K model.layers.29.mlp.gate_up_proj.weight (16384 x 3072)
  MSE (matmul): 2.454164e-4
  MSE (direct): 9.100046e-5
  RMSE: 2.848228e-4, Max Err: 7.324234e-3, Rel Err: 3.117083e-2
    WARNING: High quantization error detected!
       Consider using block-wise permutation or reducing compression
    [INFO] Validation methods differ by 1.54415931e-4
quantizing Q8K model.layers.24.self_attn.qkv_proj.weight (9216 x 3072)
  MSE (matmul): 2.384238e-4
  MSE (direct): 8.666959e-5
  RMSE: 2.787188e-4, Max Err: 3.723146e-3, Rel Err: 3.179629e-2
    WARNING: High quantization error detected!
       Consider using block-wise permutation or reducing compression
    [INFO] Validation methods differ by 1.51754211e-4
quantizing Q8K model.layers.30.mlp.gate_up_proj.weight (16384 x 3072)
  MSE (matmul): 2.470270e-4
  MSE (direct): 9.266692e-5
  RMSE: 2.857873e-4, Max Err: 3.784179e-3, Rel Err: 3.126111e-2
    WARNING: High quantization error detected!
       Consider using block-wise permutation or reducing compression
    [INFO] Validation methods differ by 1.54360052e-4
quantizing Q8K model.layers.21.self_attn.qkv_proj.weight (9216 x 3072)
  MSE (matmul): 2.401343e-4
  MSE (direct): 8.830950e-5
  RMSE: 2.782617e-4, Max Err: 3.234863e-3, Rel Err: 3.169609e-2
    WARNING: High quantization error detected!
       Consider using block-wise permutation or reducing compression
    [INFO] Validation methods differ by 1.51824846e-4
quantizing Q8K model.layers.24.mlp.gate_up_proj.weight (16384 x 3072)
  MSE (matmul): 2.340672e-4
  MSE (direct): 8.722975e-5
  RMSE: 2.772858e-4, Max Err: 2.059937e-3, Rel Err: 3.109736e-2
    WARNING: High quantization error detected!
       Consider using block-wise permutation or reducing compression
    [INFO] Validation methods differ by 1.46837454e-4
quantizing Q8K model.layers.24.self_attn.o_proj.weight (3072 x 3072)
  MSE (matmul): 2.658587e-4
  MSE (direct): 9.692903e-5
  RMSE: 2.919901e-4, Max Err: 3.540039e-3, Rel Err: 3.158490e-2
    WARNING: High quantization error detected!
       Consider using block-wise permutation or reducing compression
    [INFO] Validation methods differ by 1.68929633e-4
quantizing Q8K model.layers.31.self_attn.o_proj.weight (3072 x 3072)
  MSE (matmul): 3.458017e-4
  MSE (direct): 1.280845e-4
  RMSE: 3.377056e-4, Max Err: 7.446288e-3, Rel Err: 3.219192e-2
    WARNING: High quantization error detected!
       Consider using block-wise permutation or reducing compression
    [INFO] Validation methods differ by 2.17717170e-4
quantizing Q8K model.layers.23.self_attn.qkv_proj.weight (9216 x 3072)
  MSE (matmul): 2.330666e-4
  MSE (direct): 8.376510e-5
  RMSE: 2.777379e-4, Max Err: 3.692627e-3, Rel Err: 3.184977e-2
    WARNING: High quantization error detected!
       Consider using block-wise permutation or reducing compression
    [INFO] Validation methods differ by 1.49301472e-4
quantizing Q8K model.layers.21.mlp.gate_up_proj.weight (16384 x 3072)
  MSE (matmul): 2.316518e-4
  MSE (direct): 8.754717e-5
  RMSE: 2.755410e-4, Max Err: 2.532959e-3, Rel Err: 3.117436e-2
    WARNING: High quantization error detected!
       Consider using block-wise permutation or reducing compression
    [INFO] Validation methods differ by 1.44104590e-4
quantizing Q8K model.layers.25.self_attn.qkv_proj.weight (9216 x 3072)
  MSE (matmul): 2.415262e-4
  MSE (direct): 8.829546e-5
  RMSE: 2.785703e-4, Max Err: 4.028320e-3, Rel Err: 3.187950e-2
    WARNING: High quantization error detected!
       Consider using block-wise permutation or reducing compression
    [INFO] Validation methods differ by 1.53230794e-4
quantizing Q8K model.layers.29.self_attn.o_proj.weight (3072 x 3072)
  MSE (matmul): 3.429558e-4
  MSE (direct): 1.267899e-4
  RMSE: 3.353461e-4, Max Err: 3.051758e-3, Rel Err: 3.162257e-2
    WARNING: High quantization error detected!
       Consider using block-wise permutation or reducing compression
    [INFO] Validation methods differ by 2.16165921e-4
quantizing Q8K model.layers.22.self_attn.qkv_proj.weight (9216 x 3072)
  MSE (matmul): 2.377930e-4
  MSE (direct): 8.616623e-5
  RMSE: 2.789060e-4, Max Err: 3.662106e-3, Rel Err: 3.184285e-2
    WARNING: High quantization error detected!
       Consider using block-wise permutation or reducing compression
    [INFO] Validation methods differ by 1.51626737e-4
quantizing Q8K model.layers.31.self_attn.qkv_proj.weight (9216 x 3072)
  MSE (matmul): 2.386982e-4
  MSE (direct): 8.594578e-5
  RMSE: 2.804370e-4, Max Err: 5.004883e-3, Rel Err: 3.197046e-2
    WARNING: High quantization error detected!
       Consider using block-wise permutation or reducing compression
    [INFO] Validation methods differ by 1.52752371e-4
quantizing Q8K model.layers.28.self_attn.qkv_proj.weight (9216 x 3072)
  MSE (matmul): 2.557354e-4
  MSE (direct): 9.276360e-5
  RMSE: 2.831908e-4, Max Err: 3.112793e-3, Rel Err: 3.194462e-2
    WARNING: High quantization error detected!
       Consider using block-wise permutation or reducing compression
    [INFO] Validation methods differ by 1.62971817e-4
quantizing Q8K model.layers.25.self_attn.o_proj.weight (3072 x 3072)
  MSE (matmul): 2.806414e-4
  MSE (direct): 1.009615e-4
  RMSE: 3.028922e-4, Max Err: 4.760742e-3, Rel Err: 3.181941e-2
    WARNING: High quantization error detected!
       Consider using block-wise permutation or reducing compression
    [INFO] Validation methods differ by 1.79679948e-4
quantizing Q8K model.layers.28.mlp.gate_up_proj.weight (16384 x 3072)
  MSE (matmul): 2.361701e-4
  MSE (direct): 8.998457e-5
  RMSE: 2.804951e-4, Max Err: 3.112793e-3, Rel Err: 3.113595e-2
    WARNING: High quantization error detected!
       Consider using block-wise permutation or reducing compression
    [INFO] Validation methods differ by 1.46185514e-4
quantizing Q8K model.layers.29.self_attn.qkv_proj.weight (9216 x 3072)
  MSE (matmul): 2.393576e-4
  MSE (direct): 8.812817e-5
  RMSE: 2.816060e-4, Max Err: 3.295902e-3, Rel Err: 3.194298e-2
    WARNING: High quantization error detected!
       Consider using block-wise permutation or reducing compression
    [INFO] Validation methods differ by 1.51229382e-4
quantizing Q4K model.layers.21.mlp.down_proj.weight (3072 x 8192)
  RMSE: 3.086084e-3, Max Err: 3.879452e-2, Rel Err: 1.694872e0
    WARNING: High Q4K quantization error for model.layers.21.mlp.down_proj.weight
  Q4K size: 13.50 MB  (49% of Q8K)
quantizing Q8K model.layers.30.self_attn.qkv_proj.weight (9216 x 3072)
  MSE (matmul): 2.432381e-4
  MSE (direct): 8.676141e-5
  RMSE: 2.809702e-4, Max Err: 3.051758e-3, Rel Err: 3.193755e-2
    WARNING: High quantization error detected!
       Consider using block-wise permutation or reducing compression
    [INFO] Validation methods differ by 1.56476657e-4
quantizing Q4K model.layers.25.mlp.down_proj.weight (3072 x 8192)
  RMSE: 3.151126e-3, Max Err: 4.666519e-2, Rel Err: 7.981006e-1
    WARNING: High Q4K quantization error for model.layers.25.mlp.down_proj.weight
  Q4K size: 13.50 MB  (49% of Q8K)
quantizing Q8K model.layers.23.mlp.gate_up_proj.weight (16384 x 3072)
  MSE (matmul): 2.360198e-4
  MSE (direct): 8.896899e-5
  RMSE: 2.768310e-4, Max Err: 2.380371e-3, Rel Err: 3.111087e-2
    WARNING: High quantization error detected!
       Consider using block-wise permutation or reducing compression
    [INFO] Validation methods differ by 1.47050800e-4
quantizing Q8K model.layers.22.self_attn.o_proj.weight (3072 x 3072)
  MSE (matmul): 2.554824e-4
  MSE (direct): 9.103292e-5
  RMSE: 2.821471e-4, Max Err: 2.380371e-3, Rel Err: 3.159456e-2
    WARNING: High quantization error detected!
       Consider using block-wise permutation or reducing compression
    [INFO] Validation methods differ by 1.64449448e-4
quantizing Q8K model.layers.23.self_attn.o_proj.weight (3072 x 3072)
  MSE (matmul): 2.637104e-4
  MSE (direct): 9.780796e-5
  RMSE: 2.936672e-4, Max Err: 2.288818e-3, Rel Err: 3.175871e-2
    WARNING: High quantization error detected!
       Consider using block-wise permutation or reducing compression
    [INFO] Validation methods differ by 1.65902486e-4
quantizing Q4K model.layers.24.mlp.down_proj.weight (3072 x 8192)
  RMSE: 3.139270e-3, Max Err: 3.493404e-2, Rel Err: 1.072581e0
    WARNING: High Q4K quantization error for model.layers.24.mlp.down_proj.weight
  Q4K size: 13.50 MB  (49% of Q8K)
quantizing Q4K model.layers.30.mlp.down_proj.weight (3072 x 8192)
  RMSE: 3.119244e-3, Max Err: 6.088066e-2, Rel Err: 9.633663e-1
    WARNING: High Q4K quantization error for model.layers.30.mlp.down_proj.weight
  Q4K size: 13.50 MB  (49% of Q8K)
quantizing Q8K model.layers.31.mlp.gate_up_proj.weight (16384 x 3072)
  MSE (matmul): 2.648404e-4
  MSE (direct): 1.011353e-4
  RMSE: 2.921246e-4, Max Err: 4.913330e-3, Rel Err: 3.130635e-2
    WARNING: High quantization error detected!
       Consider using block-wise permutation or reducing compression
    [INFO] Validation methods differ by 1.63705117e-4
quantizing Q8K model.layers.27.mlp.gate_up_proj.weight (16384 x 3072)
  MSE (matmul): 2.414002e-4
  MSE (direct): 9.084069e-5
  RMSE: 2.797365e-4, Max Err: 4.638672e-3, Rel Err: 3.107590e-2
    WARNING: High quantization error detected!
       Consider using block-wise permutation or reducing compression
    [INFO] Validation methods differ by 1.50559470e-4
quantizing Q8K model.layers.26.self_attn.o_proj.weight (3072 x 3072)
  MSE (matmul): 2.723541e-4
  MSE (direct): 1.065273e-4
  RMSE: 3.004917e-4, Max Err: 2.807617e-3, Rel Err: 3.139918e-2
    WARNING: High quantization error detected!
       Consider using block-wise permutation or reducing compression
    [INFO] Validation methods differ by 1.65826787e-4
quantizing Q8K model.layers.26.self_attn.qkv_proj.weight (9216 x 3072)
  MSE (matmul): 2.316315e-4
  MSE (direct): 8.504708e-5
  RMSE: 2.787097e-4, Max Err: 3.479011e-3, Rel Err: 3.179389e-2
    WARNING: High quantization error detected!
       Consider using block-wise permutation or reducing compression
    [INFO] Validation methods differ by 1.46584382e-4
Done in 9.77s. Q8K: 33, Q6K: 0, Q4K: 11, skipped: 23
Packing Q8K/Q6K/Q4K model into single SafeTensors file
=======================================================
Input  : /Users/artemrizhov/.cache/huggingface/hub/models--microsoft--Phi-3-mini-4k-instruct/snapshots/0a67737cc96d2554230f90338b163bc6380a2a85/model-00001-of-00002.safetensors
Q8K Dir: ./quantized-base
Output : ./packed-shard1-base.safetensors

WARNING: No final layer norm found in original model!
         Expected one of: model.norm.weight, model.final_layernorm.weight, norm.weight
         Available norms:
           - model.layers.10.input_layernorm.weight
           - model.layers.6.input_layernorm.weight
           - model.layers.0.input_layernorm.weight
           - model.layers.1.post_attention_layernorm.weight
           - model.layers.16.input_layernorm.weight
           - model.layers.2.input_layernorm.weight
           - model.layers.18.input_layernorm.weight
           - model.layers.18.post_attention_layernorm.weight
           - model.layers.1.input_layernorm.weight
           - model.layers.4.post_attention_layernorm.weight
           - model.layers.5.post_attention_layernorm.weight
           - model.layers.7.post_attention_layernorm.weight
           - model.layers.2.post_attention_layernorm.weight
           - model.layers.7.input_layernorm.weight
           - model.layers.9.input_layernorm.weight
           - model.layers.10.post_attention_layernorm.weight
           - model.layers.14.input_layernorm.weight
           - model.layers.11.input_layernorm.weight
           - model.layers.12.post_attention_layernorm.weight
           - model.layers.3.input_layernorm.weight
           - model.layers.9.post_attention_layernorm.weight
           - model.layers.5.input_layernorm.weight
           - model.layers.19.input_layernorm.weight
           - model.layers.6.post_attention_layernorm.weight
           - model.layers.17.input_layernorm.weight
           - model.layers.15.post_attention_layernorm.weight
           - model.layers.20.input_layernorm.weight
           - model.layers.13.post_attention_layernorm.weight
           - model.layers.14.post_attention_layernorm.weight
           - model.layers.13.input_layernorm.weight
           - model.layers.3.post_attention_layernorm.weight
           - model.layers.0.post_attention_layernorm.weight
           - model.layers.11.post_attention_layernorm.weight
           - model.layers.8.input_layernorm.weight
           - model.layers.12.input_layernorm.weight
           - model.layers.8.post_attention_layernorm.weight
           - model.layers.16.post_attention_layernorm.weight
           - model.layers.17.post_attention_layernorm.weight
           - model.layers.20.post_attention_layernorm.weight
           - model.layers.19.post_attention_layernorm.weight
           - model.layers.4.input_layernorm.weight
           - model.layers.15.input_layernorm.weight
         The model may not work correctly without a final norm.

Q4K packed: model.layers.3.mlp.down_proj.weight [3072 x 8192]
Q8K packed: model.layers.4.self_attn.qkv_proj.weight [9216 x 3072]
Q8K packed: model.layers.10.self_attn.qkv_proj.weight [9216 x 3072]
Q4K packed: model.layers.9.mlp.down_proj.weight [3072 x 8192]
Preserved: model.layers.10.input_layernorm.weight [3072]
Preserved: model.layers.6.input_layernorm.weight [3072]
Preserved: model.layers.0.input_layernorm.weight [3072]
Q4K packed: model.layers.5.mlp.down_proj.weight [3072 x 8192]
Q8K packed: model.layers.18.self_attn.o_proj.weight [3072 x 3072]
Q8K packed: model.layers.17.self_attn.o_proj.weight [3072 x 3072]
Q8K packed: model.layers.16.self_attn.qkv_proj.weight [9216 x 3072]
Q8K packed: model.layers.0.mlp.gate_up_proj.weight [16384 x 3072]
Preserved: model.layers.1.post_attention_layernorm.weight [3072]
Preserved: model.layers.16.input_layernorm.weight [3072]
Q8K packed: model.layers.12.self_attn.o_proj.weight [3072 x 3072]
Q8K packed: model.layers.3.mlp.gate_up_proj.weight [16384 x 3072]
Q8K packed: model.layers.10.mlp.gate_up_proj.weight [16384 x 3072]
Q8K packed: model.layers.6.self_attn.qkv_proj.weight [9216 x 3072]
Preserved: model.layers.2.input_layernorm.weight [3072]
Preserved: model.layers.18.input_layernorm.weight [3072]
Preserved: model.layers.18.post_attention_layernorm.weight [3072]
Q8K packed: model.layers.15.mlp.gate_up_proj.weight [16384 x 3072]
Q8K packed: model.layers.19.self_attn.o_proj.weight [3072 x 3072]
Q8K packed: model.layers.10.self_attn.o_proj.weight [3072 x 3072]
Q4K packed: model.layers.14.mlp.down_proj.weight [3072 x 8192]
Q4K packed: model.layers.0.mlp.down_proj.weight [3072 x 8192]
Q4K packed: model.layers.2.mlp.down_proj.weight [3072 x 8192]
Q4K packed: model.layers.4.mlp.down_proj.weight [3072 x 8192]
Q8K packed: model.layers.8.self_attn.qkv_proj.weight [9216 x 3072]
Preserved: model.layers.1.input_layernorm.weight [3072]
Q8K packed: model.layers.14.self_attn.o_proj.weight [3072 x 3072]
Q4K packed: model.layers.16.mlp.down_proj.weight [3072 x 8192]
Preserved: model.layers.4.post_attention_layernorm.weight [3072]
Preserved: model.layers.5.post_attention_layernorm.weight [3072]
Q8K packed: model.layers.6.mlp.gate_up_proj.weight [16384 x 3072]
Q8K packed: model.layers.7.self_attn.qkv_proj.weight [9216 x 3072]
Preserved: model.layers.7.post_attention_layernorm.weight [3072]
Q8K packed: model.layers.13.self_attn.o_proj.weight [3072 x 3072]
Preserved: model.layers.2.post_attention_layernorm.weight [3072]
Q8K packed: model.layers.20.self_attn.qkv_proj.weight [9216 x 3072]
Q8K packed: model.layers.11.self_attn.o_proj.weight [3072 x 3072]
Preserved: model.layers.7.input_layernorm.weight [3072]
Q8K packed: model.layers.19.mlp.gate_up_proj.weight [16384 x 3072]
Q8K packed: model.layers.8.self_attn.o_proj.weight [3072 x 3072]
Preserved: model.layers.9.input_layernorm.weight [3072]
Q8K packed: model.layers.11.self_attn.qkv_proj.weight [9216 x 3072]
Q4K packed: model.layers.12.mlp.down_proj.weight [3072 x 8192]
Preserved: model.layers.10.post_attention_layernorm.weight [3072]
Preserved: model.layers.14.input_layernorm.weight [3072]
Q8K packed: model.layers.13.mlp.gate_up_proj.weight [16384 x 3072]
Q8K packed: model.layers.9.mlp.gate_up_proj.weight [16384 x 3072]
Q4K packed: model.layers.8.mlp.down_proj.weight [3072 x 8192]
Q8K packed: model.layers.5.self_attn.o_proj.weight [3072 x 3072]
Q8K packed: model.layers.2.self_attn.o_proj.weight [3072 x 3072]
Preserved: model.layers.11.input_layernorm.weight [3072]
Q8K packed: model.layers.4.mlp.gate_up_proj.weight [16384 x 3072]
Q8K packed: model.layers.9.self_attn.qkv_proj.weight [9216 x 3072]
Q4K packed: model.layers.19.mlp.down_proj.weight [3072 x 8192]
Q8K packed: model.layers.0.self_attn.qkv_proj.weight [9216 x 3072]
Preserved: model.layers.12.post_attention_layernorm.weight [3072]
Preserved: model.layers.3.input_layernorm.weight [3072]
Q4K packed: model.layers.15.mlp.down_proj.weight [3072 x 8192]
Preserved: model.layers.9.post_attention_layernorm.weight [3072]
Preserved: model.layers.5.input_layernorm.weight [3072]
Preserved: model.layers.19.input_layernorm.weight [3072]
Preserved: model.layers.6.post_attention_layernorm.weight [3072]
Preserved: model.layers.17.input_layernorm.weight [3072]
Preserved: model.layers.15.post_attention_layernorm.weight [3072]
Q8K packed: model.layers.14.self_attn.qkv_proj.weight [9216 x 3072]
Q8K packed: model.layers.3.self_attn.o_proj.weight [3072 x 3072]
Q8K packed: model.layers.1.mlp.gate_up_proj.weight [16384 x 3072]
Q8K packed: model.layers.1.self_attn.o_proj.weight [3072 x 3072]
Q8K packed: model.layers.5.mlp.gate_up_proj.weight [16384 x 3072]
Preserved: model.layers.20.input_layernorm.weight [3072]
Q8K packed: model.layers.7.mlp.gate_up_proj.weight [16384 x 3072]
Q8K packed: model.layers.3.self_attn.qkv_proj.weight [9216 x 3072]
Preserved: model.layers.13.post_attention_layernorm.weight [3072]
Q8K packed: model.layers.14.mlp.gate_up_proj.weight [16384 x 3072]
Q8K packed: model.layers.15.self_attn.o_proj.weight [3072 x 3072]
Q8K packed: model.layers.5.self_attn.qkv_proj.weight [9216 x 3072]
Q8K packed: model.layers.2.mlp.gate_up_proj.weight [16384 x 3072]
Q4K packed: model.layers.20.mlp.down_proj.weight [3072 x 8192]
Q8K packed: model.layers.6.self_attn.o_proj.weight [3072 x 3072]
Q4K packed: model.layers.7.mlp.down_proj.weight [3072 x 8192]
Q4K packed: model.layers.10.mlp.down_proj.weight [3072 x 8192]
Preserved: model.layers.14.post_attention_layernorm.weight [3072]
Q8K packed: model.layers.16.self_attn.o_proj.weight [3072 x 3072]
Q8K packed: model.layers.20.mlp.gate_up_proj.weight [16384 x 3072]
Q8K packed: model.layers.11.mlp.gate_up_proj.weight [16384 x 3072]
Q4K packed: model.layers.18.mlp.down_proj.weight [3072 x 8192]
Preserved: model.layers.13.input_layernorm.weight [3072]
Preserved: model.layers.3.post_attention_layernorm.weight [3072]
Q4K packed: model.layers.6.mlp.down_proj.weight [3072 x 8192]
Q8K packed: model.layers.9.self_attn.o_proj.weight [3072 x 3072]
Preserved: model.layers.0.post_attention_layernorm.weight [3072]
Q8K packed: model.layers.12.self_attn.qkv_proj.weight [9216 x 3072]
Q8K packed: model.layers.2.self_attn.qkv_proj.weight [9216 x 3072]
Preserved: model.layers.11.post_attention_layernorm.weight [3072]
Preserved: model.layers.8.input_layernorm.weight [3072]
Q4K packed: model.layers.13.mlp.down_proj.weight [3072 x 8192]
Q8K packed: model.layers.17.self_attn.qkv_proj.weight [9216 x 3072]
Q8K packed: model.layers.21.self_attn.o_proj.weight [3072 x 3072]
Preserved: model.layers.12.input_layernorm.weight [3072]
Q8K packed: model.layers.12.mlp.gate_up_proj.weight [16384 x 3072]
Q8K packed: model.layers.15.self_attn.qkv_proj.weight [9216 x 3072]
Q8K packed: model.layers.19.self_attn.qkv_proj.weight [9216 x 3072]
Q8K packed: model.layers.8.mlp.gate_up_proj.weight [16384 x 3072]
Q8K packed: model.layers.18.mlp.gate_up_proj.weight [16384 x 3072]
Preserved: model.layers.8.post_attention_layernorm.weight [3072]
Q8K packed: model.layers.16.mlp.gate_up_proj.weight [16384 x 3072]
Q8K packed: model.layers.1.self_attn.qkv_proj.weight [9216 x 3072]
Q8K packed: model.layers.17.mlp.gate_up_proj.weight [16384 x 3072]
Preserved: model.layers.16.post_attention_layernorm.weight [3072]
Preserved: model.layers.17.post_attention_layernorm.weight [3072]
Q8K packed: model.layers.7.self_attn.o_proj.weight [3072 x 3072]
Q8K packed: model.layers.0.self_attn.o_proj.weight [3072 x 3072]
Preserved: model.layers.20.post_attention_layernorm.weight [3072]
Q8K packed: model.layers.18.self_attn.qkv_proj.weight [9216 x 3072]
Q4K packed: model.layers.11.mlp.down_proj.weight [3072 x 8192]
Q8K packed: model.layers.20.self_attn.o_proj.weight [3072 x 3072]
Preserved: model.layers.19.post_attention_layernorm.weight [3072]
Q8K packed: model.layers.4.self_attn.o_proj.weight [3072 x 3072]
Preserved: model.embed_tokens.weight [32064, 3072]
Preserved: model.layers.4.input_layernorm.weight [3072]
Q4K packed: model.layers.1.mlp.down_proj.weight [3072 x 8192]
Preserved: model.layers.15.input_layernorm.weight [3072]
Q4K packed: model.layers.17.mlp.down_proj.weight [3072 x 8192]
Q8K packed: model.layers.13.self_attn.qkv_proj.weight [9216 x 3072]

ERROR: Final layer norm not included in packed model!
       The model will likely fail during inference.


Writing packed model...

Done in 5.93s
Statistics:
   - Quantized weights : 85
   - Preserved tensors : 43
   - Total tensors     : 213
   - Output size       : 2493.97 MB
Packing Q8K/Q6K/Q4K model into single SafeTensors file
=======================================================
Input  : /Users/artemrizhov/.cache/huggingface/hub/models--microsoft--Phi-3-mini-4k-instruct/snapshots/0a67737cc96d2554230f90338b163bc6380a2a85/model-00002-of-00002.safetensors
Q8K Dir: ./quantized-base
Output : ./packed-shard2-base.safetensors

Q8K packed: model.layers.31.self_attn.o_proj.weight [3072 x 3072]
Preserved: model.layers.21.input_layernorm.weight [3072]
Q4K packed: model.layers.30.mlp.down_proj.weight [3072 x 8192]
Preserved: model.layers.21.post_attention_layernorm.weight [3072]
Q8K packed: model.layers.23.self_attn.qkv_proj.weight [9216 x 3072]
Q8K packed: model.layers.25.self_attn.qkv_proj.weight [9216 x 3072]
Q8K packed: model.layers.21.self_attn.qkv_proj.weight [9216 x 3072]
Q4K packed: model.layers.25.mlp.down_proj.weight [3072 x 8192]
Preserved: model.layers.30.input_layernorm.weight [3072]
Preserved: model.layers.27.post_attention_layernorm.weight [3072]
Q8K packed: model.layers.30.mlp.gate_up_proj.weight [16384 x 3072]
Q4K packed: model.layers.21.mlp.down_proj.weight [3072 x 8192]
Q8K packed: model.layers.30.self_attn.qkv_proj.weight [9216 x 3072]
Q8K packed: model.layers.23.mlp.gate_up_proj.weight [16384 x 3072]
Preserved: model.layers.26.post_attention_layernorm.weight [3072]
Q4K packed: model.layers.27.mlp.down_proj.weight [3072 x 8192]
Preserved: model.layers.22.input_layernorm.weight [3072]
Q8K packed: model.layers.22.self_attn.o_proj.weight [3072 x 3072]
Preserved: model.layers.23.input_layernorm.weight [3072]
Preserved: model.layers.28.input_layernorm.weight [3072]
Q8K packed: model.layers.21.mlp.gate_up_proj.weight [16384 x 3072]
Q4K packed: model.layers.31.mlp.down_proj.weight [3072 x 8192]
Preserved: model.layers.27.input_layernorm.weight [3072]
Q8K packed: model.layers.31.self_attn.qkv_proj.weight [9216 x 3072]
Q8K packed: model.layers.27.self_attn.o_proj.weight [3072 x 3072]
Q8K packed: model.layers.22.self_attn.qkv_proj.weight [9216 x 3072]
Q8K packed: model.layers.26.mlp.gate_up_proj.weight [16384 x 3072]
Q8K packed: model.layers.24.self_attn.o_proj.weight [3072 x 3072]
Q4K packed: model.layers.26.mlp.down_proj.weight [3072 x 8192]
Q8K packed: model.layers.25.self_attn.o_proj.weight [3072 x 3072]
Preserved: model.layers.26.input_layernorm.weight [3072]
Q8K packed: model.layers.26.self_attn.qkv_proj.weight [9216 x 3072]
Q8K packed: model.layers.29.self_attn.o_proj.weight [3072 x 3072]
Preserved: model.layers.31.input_layernorm.weight [3072]
Q8K packed: model.layers.26.self_attn.o_proj.weight [3072 x 3072]
Preserved: model.layers.28.post_attention_layernorm.weight [3072]
Q8K packed: model.layers.25.mlp.gate_up_proj.weight [16384 x 3072]
Preserved: model.layers.24.input_layernorm.weight [3072]
Q8K packed: model.layers.24.mlp.gate_up_proj.weight [16384 x 3072]
Q8K packed: model.layers.29.mlp.gate_up_proj.weight [16384 x 3072]
Q8K packed: model.layers.31.mlp.gate_up_proj.weight [16384 x 3072]
Q8K packed: model.layers.27.self_attn.qkv_proj.weight [9216 x 3072]
Q8K packed: model.layers.22.mlp.gate_up_proj.weight [16384 x 3072]
Q8K packed: model.layers.28.self_attn.qkv_proj.weight [9216 x 3072]
Q8K packed: model.layers.23.self_attn.o_proj.weight [3072 x 3072]
Preserved: model.norm.weight [3072]
Q4K packed: model.layers.28.mlp.down_proj.weight [3072 x 8192]
Q4K packed: model.layers.22.mlp.down_proj.weight [3072 x 8192]
Q4K packed: model.layers.23.mlp.down_proj.weight [3072 x 8192]
Q4K packed: model.layers.29.mlp.down_proj.weight [3072 x 8192]
Q8K packed: model.layers.29.self_attn.qkv_proj.weight [9216 x 3072]
Q8K packed: model.layers.28.mlp.gate_up_proj.weight [16384 x 3072]
Q8K packed: lm_head.weight [32064 x 3072]
Preserved: model.layers.30.post_attention_layernorm.weight [3072]
Q8K packed: model.layers.24.self_attn.qkv_proj.weight [9216 x 3072]
Q8K packed: model.layers.30.self_attn.o_proj.weight [3072 x 3072]
Preserved: model.layers.29.post_attention_layernorm.weight [3072]
Q8K packed: model.layers.28.self_attn.o_proj.weight [3072 x 3072]
Preserved: model.layers.23.post_attention_layernorm.weight [3072]
Q8K packed: model.layers.27.mlp.gate_up_proj.weight [16384 x 3072]
Q4K packed: model.layers.24.mlp.down_proj.weight [3072 x 8192]
Preserved: model.layers.22.post_attention_layernorm.weight [3072]
Preserved: model.layers.24.post_attention_layernorm.weight [3072]
Preserved: model.layers.25.input_layernorm.weight [3072]
Preserved: model.layers.25.post_attention_layernorm.weight [3072]
Preserved: model.layers.31.post_attention_layernorm.weight [3072]
Preserved: model.layers.29.input_layernorm.weight [3072]

Writing packed model...

Done in 4.76s
Statistics:
   - Quantized weights : 44
   - Preserved tensors : 23
   - Total tensors     : 111
   - Output size       : 1299.47 MB
