Using config.json: /Users/artemrizhov/.cache/huggingface/hub/models--microsoft--Phi-3-mini-4k-instruct/snapshots/0a67737cc96d2554230f90338b163bc6380a2a85/config.json
Loading from 2 shards...
  Shard 1: ./packed-shard1-q6k.safetensors
  Shard 2: ./packed-shard2-q6k.safetensors
loaded Q6K: model.layers.0.self_attn.qkv_proj.weight [9216 x 3072], blocks=110592, bytes=23224320
loaded Q6K: model.layers.0.self_attn.o_proj.weight [3072 x 3072], blocks=36864, bytes=7741440
loaded Q6K: model.layers.0.mlp.gate_up_proj.weight [16384 x 3072], blocks=196608, bytes=41287680
loaded Q4K: model.layers.0.mlp.down_proj.weight [3072 x 8192], blocks=98304, bytes=14155776
loaded Q6K: model.layers.1.self_attn.qkv_proj.weight [9216 x 3072], blocks=110592, bytes=23224320
loaded Q6K: model.layers.1.self_attn.o_proj.weight [3072 x 3072], blocks=36864, bytes=7741440
loaded Q6K: model.layers.1.mlp.gate_up_proj.weight [16384 x 3072], blocks=196608, bytes=41287680
loaded Q4K: model.layers.1.mlp.down_proj.weight [3072 x 8192], blocks=98304, bytes=14155776
loaded Q6K: model.layers.2.self_attn.qkv_proj.weight [9216 x 3072], blocks=110592, bytes=23224320
loaded Q6K: model.layers.2.self_attn.o_proj.weight [3072 x 3072], blocks=36864, bytes=7741440
loaded Q6K: model.layers.2.mlp.gate_up_proj.weight [16384 x 3072], blocks=196608, bytes=41287680
loaded Q4K: model.layers.2.mlp.down_proj.weight [3072 x 8192], blocks=98304, bytes=14155776
loaded Q6K: model.layers.3.self_attn.qkv_proj.weight [9216 x 3072], blocks=110592, bytes=23224320
loaded Q6K: model.layers.3.self_attn.o_proj.weight [3072 x 3072], blocks=36864, bytes=7741440
loaded Q6K: model.layers.3.mlp.gate_up_proj.weight [16384 x 3072], blocks=196608, bytes=41287680
loaded Q4K: model.layers.3.mlp.down_proj.weight [3072 x 8192], blocks=98304, bytes=14155776
loaded Q6K: model.layers.4.self_attn.qkv_proj.weight [9216 x 3072], blocks=110592, bytes=23224320
loaded Q6K: model.layers.4.self_attn.o_proj.weight [3072 x 3072], blocks=36864, bytes=7741440
loaded Q6K: model.layers.4.mlp.gate_up_proj.weight [16384 x 3072], blocks=196608, bytes=41287680
loaded Q4K: model.layers.4.mlp.down_proj.weight [3072 x 8192], blocks=98304, bytes=14155776
loaded Q6K: model.layers.5.self_attn.qkv_proj.weight [9216 x 3072], blocks=110592, bytes=23224320
loaded Q6K: model.layers.5.self_attn.o_proj.weight [3072 x 3072], blocks=36864, bytes=7741440
loaded Q6K: model.layers.5.mlp.gate_up_proj.weight [16384 x 3072], blocks=196608, bytes=41287680
loaded Q4K: model.layers.5.mlp.down_proj.weight [3072 x 8192], blocks=98304, bytes=14155776
loaded Q6K: model.layers.6.self_attn.qkv_proj.weight [9216 x 3072], blocks=110592, bytes=23224320
loaded Q6K: model.layers.6.self_attn.o_proj.weight [3072 x 3072], blocks=36864, bytes=7741440
loaded Q6K: model.layers.6.mlp.gate_up_proj.weight [16384 x 3072], blocks=196608, bytes=41287680
loaded Q4K: model.layers.6.mlp.down_proj.weight [3072 x 8192], blocks=98304, bytes=14155776
loaded Q6K: model.layers.7.self_attn.qkv_proj.weight [9216 x 3072], blocks=110592, bytes=23224320
loaded Q6K: model.layers.7.self_attn.o_proj.weight [3072 x 3072], blocks=36864, bytes=7741440
loaded Q6K: model.layers.7.mlp.gate_up_proj.weight [16384 x 3072], blocks=196608, bytes=41287680
loaded Q4K: model.layers.7.mlp.down_proj.weight [3072 x 8192], blocks=98304, bytes=14155776
loaded Q6K: model.layers.8.self_attn.qkv_proj.weight [9216 x 3072], blocks=110592, bytes=23224320
loaded Q6K: model.layers.8.self_attn.o_proj.weight [3072 x 3072], blocks=36864, bytes=7741440
loaded Q6K: model.layers.8.mlp.gate_up_proj.weight [16384 x 3072], blocks=196608, bytes=41287680
loaded Q4K: model.layers.8.mlp.down_proj.weight [3072 x 8192], blocks=98304, bytes=14155776
loaded Q6K: model.layers.9.self_attn.qkv_proj.weight [9216 x 3072], blocks=110592, bytes=23224320
loaded Q6K: model.layers.9.self_attn.o_proj.weight [3072 x 3072], blocks=36864, bytes=7741440
loaded Q6K: model.layers.9.mlp.gate_up_proj.weight [16384 x 3072], blocks=196608, bytes=41287680
loaded Q4K: model.layers.9.mlp.down_proj.weight [3072 x 8192], blocks=98304, bytes=14155776
loaded Q6K: model.layers.10.self_attn.qkv_proj.weight [9216 x 3072], blocks=110592, bytes=23224320
loaded Q6K: model.layers.10.self_attn.o_proj.weight [3072 x 3072], blocks=36864, bytes=7741440
loaded Q6K: model.layers.10.mlp.gate_up_proj.weight [16384 x 3072], blocks=196608, bytes=41287680
loaded Q4K: model.layers.10.mlp.down_proj.weight [3072 x 8192], blocks=98304, bytes=14155776
loaded Q6K: model.layers.11.self_attn.qkv_proj.weight [9216 x 3072], blocks=110592, bytes=23224320
loaded Q6K: model.layers.11.self_attn.o_proj.weight [3072 x 3072], blocks=36864, bytes=7741440
loaded Q6K: model.layers.11.mlp.gate_up_proj.weight [16384 x 3072], blocks=196608, bytes=41287680
loaded Q4K: model.layers.11.mlp.down_proj.weight [3072 x 8192], blocks=98304, bytes=14155776
loaded Q6K: model.layers.12.self_attn.qkv_proj.weight [9216 x 3072], blocks=110592, bytes=23224320
loaded Q6K: model.layers.12.self_attn.o_proj.weight [3072 x 3072], blocks=36864, bytes=7741440
loaded Q6K: model.layers.12.mlp.gate_up_proj.weight [16384 x 3072], blocks=196608, bytes=41287680
loaded Q4K: model.layers.12.mlp.down_proj.weight [3072 x 8192], blocks=98304, bytes=14155776
loaded Q6K: model.layers.13.self_attn.qkv_proj.weight [9216 x 3072], blocks=110592, bytes=23224320
loaded Q6K: model.layers.13.self_attn.o_proj.weight [3072 x 3072], blocks=36864, bytes=7741440
loaded Q6K: model.layers.13.mlp.gate_up_proj.weight [16384 x 3072], blocks=196608, bytes=41287680
loaded Q4K: model.layers.13.mlp.down_proj.weight [3072 x 8192], blocks=98304, bytes=14155776
loaded Q6K: model.layers.14.self_attn.qkv_proj.weight [9216 x 3072], blocks=110592, bytes=23224320
loaded Q6K: model.layers.14.self_attn.o_proj.weight [3072 x 3072], blocks=36864, bytes=7741440
loaded Q6K: model.layers.14.mlp.gate_up_proj.weight [16384 x 3072], blocks=196608, bytes=41287680
loaded Q4K: model.layers.14.mlp.down_proj.weight [3072 x 8192], blocks=98304, bytes=14155776
loaded Q6K: model.layers.15.self_attn.qkv_proj.weight [9216 x 3072], blocks=110592, bytes=23224320
loaded Q6K: model.layers.15.self_attn.o_proj.weight [3072 x 3072], blocks=36864, bytes=7741440
loaded Q6K: model.layers.15.mlp.gate_up_proj.weight [16384 x 3072], blocks=196608, bytes=41287680
loaded Q4K: model.layers.15.mlp.down_proj.weight [3072 x 8192], blocks=98304, bytes=14155776
loaded Q6K: model.layers.16.self_attn.qkv_proj.weight [9216 x 3072], blocks=110592, bytes=23224320
loaded Q6K: model.layers.16.self_attn.o_proj.weight [3072 x 3072], blocks=36864, bytes=7741440
loaded Q6K: model.layers.16.mlp.gate_up_proj.weight [16384 x 3072], blocks=196608, bytes=41287680
loaded Q4K: model.layers.16.mlp.down_proj.weight [3072 x 8192], blocks=98304, bytes=14155776
loaded Q6K: model.layers.17.self_attn.qkv_proj.weight [9216 x 3072], blocks=110592, bytes=23224320
loaded Q6K: model.layers.17.self_attn.o_proj.weight [3072 x 3072], blocks=36864, bytes=7741440
loaded Q6K: model.layers.17.mlp.gate_up_proj.weight [16384 x 3072], blocks=196608, bytes=41287680
loaded Q4K: model.layers.17.mlp.down_proj.weight [3072 x 8192], blocks=98304, bytes=14155776
loaded Q6K: model.layers.18.self_attn.qkv_proj.weight [9216 x 3072], blocks=110592, bytes=23224320
loaded Q6K: model.layers.18.self_attn.o_proj.weight [3072 x 3072], blocks=36864, bytes=7741440
loaded Q6K: model.layers.18.mlp.gate_up_proj.weight [16384 x 3072], blocks=196608, bytes=41287680
loaded Q4K: model.layers.18.mlp.down_proj.weight [3072 x 8192], blocks=98304, bytes=14155776
loaded Q6K: model.layers.19.self_attn.qkv_proj.weight [9216 x 3072], blocks=110592, bytes=23224320
loaded Q6K: model.layers.19.self_attn.o_proj.weight [3072 x 3072], blocks=36864, bytes=7741440
loaded Q6K: model.layers.19.mlp.gate_up_proj.weight [16384 x 3072], blocks=196608, bytes=41287680
loaded Q4K: model.layers.19.mlp.down_proj.weight [3072 x 8192], blocks=98304, bytes=14155776
loaded Q6K: model.layers.20.self_attn.qkv_proj.weight [9216 x 3072], blocks=110592, bytes=23224320
loaded Q6K: model.layers.20.self_attn.o_proj.weight [3072 x 3072], blocks=36864, bytes=7741440
loaded Q6K: model.layers.20.mlp.gate_up_proj.weight [16384 x 3072], blocks=196608, bytes=41287680
loaded Q4K: model.layers.20.mlp.down_proj.weight [3072 x 8192], blocks=98304, bytes=14155776
loaded Q6K: model.layers.21.self_attn.qkv_proj.weight [9216 x 3072], blocks=110592, bytes=23224320
loaded Q6K: model.layers.21.self_attn.o_proj.weight [3072 x 3072], blocks=36864, bytes=7741440
loaded Q6K: model.layers.21.mlp.gate_up_proj.weight [16384 x 3072], blocks=196608, bytes=41287680
loaded Q4K: model.layers.21.mlp.down_proj.weight [3072 x 8192], blocks=98304, bytes=14155776
loaded Q6K: model.layers.22.self_attn.qkv_proj.weight [9216 x 3072], blocks=110592, bytes=23224320
loaded Q6K: model.layers.22.self_attn.o_proj.weight [3072 x 3072], blocks=36864, bytes=7741440
loaded Q6K: model.layers.22.mlp.gate_up_proj.weight [16384 x 3072], blocks=196608, bytes=41287680
loaded Q4K: model.layers.22.mlp.down_proj.weight [3072 x 8192], blocks=98304, bytes=14155776
loaded Q6K: model.layers.23.self_attn.qkv_proj.weight [9216 x 3072], blocks=110592, bytes=23224320
loaded Q6K: model.layers.23.self_attn.o_proj.weight [3072 x 3072], blocks=36864, bytes=7741440
loaded Q6K: model.layers.23.mlp.gate_up_proj.weight [16384 x 3072], blocks=196608, bytes=41287680
loaded Q4K: model.layers.23.mlp.down_proj.weight [3072 x 8192], blocks=98304, bytes=14155776
loaded Q6K: model.layers.24.self_attn.qkv_proj.weight [9216 x 3072], blocks=110592, bytes=23224320
loaded Q6K: model.layers.24.self_attn.o_proj.weight [3072 x 3072], blocks=36864, bytes=7741440
loaded Q6K: model.layers.24.mlp.gate_up_proj.weight [16384 x 3072], blocks=196608, bytes=41287680
loaded Q4K: model.layers.24.mlp.down_proj.weight [3072 x 8192], blocks=98304, bytes=14155776
loaded Q6K: model.layers.25.self_attn.qkv_proj.weight [9216 x 3072], blocks=110592, bytes=23224320
loaded Q6K: model.layers.25.self_attn.o_proj.weight [3072 x 3072], blocks=36864, bytes=7741440
loaded Q6K: model.layers.25.mlp.gate_up_proj.weight [16384 x 3072], blocks=196608, bytes=41287680
loaded Q4K: model.layers.25.mlp.down_proj.weight [3072 x 8192], blocks=98304, bytes=14155776
loaded Q6K: model.layers.26.self_attn.qkv_proj.weight [9216 x 3072], blocks=110592, bytes=23224320
loaded Q6K: model.layers.26.self_attn.o_proj.weight [3072 x 3072], blocks=36864, bytes=7741440
loaded Q6K: model.layers.26.mlp.gate_up_proj.weight [16384 x 3072], blocks=196608, bytes=41287680
loaded Q4K: model.layers.26.mlp.down_proj.weight [3072 x 8192], blocks=98304, bytes=14155776
loaded Q6K: model.layers.27.self_attn.qkv_proj.weight [9216 x 3072], blocks=110592, bytes=23224320
loaded Q6K: model.layers.27.self_attn.o_proj.weight [3072 x 3072], blocks=36864, bytes=7741440
loaded Q6K: model.layers.27.mlp.gate_up_proj.weight [16384 x 3072], blocks=196608, bytes=41287680
loaded Q4K: model.layers.27.mlp.down_proj.weight [3072 x 8192], blocks=98304, bytes=14155776
loaded Q6K: model.layers.28.self_attn.qkv_proj.weight [9216 x 3072], blocks=110592, bytes=23224320
loaded Q6K: model.layers.28.self_attn.o_proj.weight [3072 x 3072], blocks=36864, bytes=7741440
loaded Q6K: model.layers.28.mlp.gate_up_proj.weight [16384 x 3072], blocks=196608, bytes=41287680
loaded Q4K: model.layers.28.mlp.down_proj.weight [3072 x 8192], blocks=98304, bytes=14155776
loaded Q6K: model.layers.29.self_attn.qkv_proj.weight [9216 x 3072], blocks=110592, bytes=23224320
loaded Q6K: model.layers.29.self_attn.o_proj.weight [3072 x 3072], blocks=36864, bytes=7741440
loaded Q6K: model.layers.29.mlp.gate_up_proj.weight [16384 x 3072], blocks=196608, bytes=41287680
loaded Q4K: model.layers.29.mlp.down_proj.weight [3072 x 8192], blocks=98304, bytes=14155776
loaded Q6K: model.layers.30.self_attn.qkv_proj.weight [9216 x 3072], blocks=110592, bytes=23224320
loaded Q6K: model.layers.30.self_attn.o_proj.weight [3072 x 3072], blocks=36864, bytes=7741440
loaded Q6K: model.layers.30.mlp.gate_up_proj.weight [16384 x 3072], blocks=196608, bytes=41287680
loaded Q4K: model.layers.30.mlp.down_proj.weight [3072 x 8192], blocks=98304, bytes=14155776
loaded Q6K: model.layers.31.self_attn.qkv_proj.weight [9216 x 3072], blocks=110592, bytes=23224320
loaded Q6K: model.layers.31.self_attn.o_proj.weight [3072 x 3072], blocks=36864, bytes=7741440
loaded Q6K: model.layers.31.mlp.gate_up_proj.weight [16384 x 3072], blocks=196608, bytes=41287680
loaded Q4K: model.layers.31.mlp.down_proj.weight [3072 x 8192], blocks=98304, bytes=14155776
loaded Q6K: lm_head.weight [32064 x 3072], blocks=384768, bytes=80801280
Corpus: /tmp/wt2.txt (1290547 bytes)
Tokens: 335645
Eval : ctx=2048 stride=2048 max_chunks=Some(30)
  chunk 1 | tokens scored 2047 | running PPL = 4.7749 | NLL = 1.5634
  chunk 2 | tokens scored 4094 | running PPL = 5.6756 | NLL = 1.7362
  chunk 3 | tokens scored 6141 | running PPL = 6.5814 | NLL = 1.8842
  chunk 4 | tokens scored 8188 | running PPL = 6.6434 | NLL = 1.8936
  chunk 5 | tokens scored 10235 | running PPL = 6.3417 | NLL = 1.8471
  chunk 6 | tokens scored 12282 | running PPL = 6.2139 | NLL = 1.8268
  chunk 7 | tokens scored 14329 | running PPL = 5.8301 | NLL = 1.7630
  chunk 8 | tokens scored 16376 | running PPL = 5.5747 | NLL = 1.7182
  chunk 9 | tokens scored 18423 | running PPL = 5.5658 | NLL = 1.7166
  chunk 10 | tokens scored 20470 | running PPL = 5.6332 | NLL = 1.7287
  chunk 11 | tokens scored 22517 | running PPL = 5.7869 | NLL = 1.7556
  chunk 12 | tokens scored 24564 | running PPL = 5.8561 | NLL = 1.7675
  chunk 13 | tokens scored 26611 | running PPL = 5.8325 | NLL = 1.7634
  chunk 14 | tokens scored 28658 | running PPL = 5.9151 | NLL = 1.7775
  chunk 15 | tokens scored 30705 | running PPL = 6.0101 | NLL = 1.7934
  chunk 16 | tokens scored 32752 | running PPL = 6.1109 | NLL = 1.8101
  chunk 17 | tokens scored 34799 | running PPL = 6.2107 | NLL = 1.8263
  chunk 18 | tokens scored 36846 | running PPL = 6.3326 | NLL = 1.8457
  chunk 19 | tokens scored 38893 | running PPL = 6.4221 | NLL = 1.8598
  chunk 20 | tokens scored 40940 | running PPL = 6.4879 | NLL = 1.8699
  chunk 21 | tokens scored 42987 | running PPL = 6.4906 | NLL = 1.8704
  chunk 22 | tokens scored 45034 | running PPL = 6.4047 | NLL = 1.8570
  chunk 23 | tokens scored 47081 | running PPL = 6.3741 | NLL = 1.8522
  chunk 24 | tokens scored 49128 | running PPL = 6.4041 | NLL = 1.8569
  chunk 25 | tokens scored 51175 | running PPL = 6.3767 | NLL = 1.8526
  chunk 26 | tokens scored 53222 | running PPL = 6.4068 | NLL = 1.8574
  chunk 27 | tokens scored 55269 | running PPL = 6.3975 | NLL = 1.8559
  chunk 28 | tokens scored 57316 | running PPL = 6.4254 | NLL = 1.8603
  chunk 29 | tokens scored 59363 | running PPL = 6.4050 | NLL = 1.8571
  chunk 30 | tokens scored 61410 | running PPL = 6.4743 | NLL = 1.8678
Reached PHI3_PPL_MAX_CHUNKS=30, stopping.

Result:
  chunks scored : 30
  tokens scored : 61410
  mean NLL      : 1.867840
  perplexity    : 6.4743
  wall time     : 3820.74 s
  throughput    : 16.1 tok/s
