Using config.json: /Users/artemrizhov/.cache/huggingface/hub/models--microsoft--Phi-3-mini-4k-instruct/snapshots/0a67737cc96d2554230f90338b163bc6380a2a85/config.json
Loading from 2 shards...
  Shard 1: ./packed-shard1-svd.safetensors
  Shard 2: ./packed-shard2-svd.safetensors
Corpus: /tmp/wt2.txt (1290547 bytes)
Tokens: 335645
Eval : ctx=2048 stride=2048 max_chunks=Some(30)
  chunk 1 | tokens scored 2047 | running PPL = 4.7719 | NLL = 1.5627
  chunk 2 | tokens scored 4094 | running PPL = 5.6618 | NLL = 1.7337
  chunk 3 | tokens scored 6141 | running PPL = 6.5585 | NLL = 1.8808
  chunk 4 | tokens scored 8188 | running PPL = 6.6227 | NLL = 1.8905
  chunk 5 | tokens scored 10235 | running PPL = 6.3204 | NLL = 1.8438
  chunk 6 | tokens scored 12282 | running PPL = 6.1980 | NLL = 1.8242
  chunk 7 | tokens scored 14329 | running PPL = 5.8239 | NLL = 1.7620
  chunk 8 | tokens scored 16376 | running PPL = 5.5647 | NLL = 1.7164
  chunk 9 | tokens scored 18423 | running PPL = 5.5619 | NLL = 1.7159
  chunk 10 | tokens scored 20470 | running PPL = 5.6317 | NLL = 1.7284
  chunk 11 | tokens scored 22517 | running PPL = 5.7870 | NLL = 1.7556
  chunk 12 | tokens scored 24564 | running PPL = 5.8570 | NLL = 1.7676
  chunk 13 | tokens scored 26611 | running PPL = 5.8272 | NLL = 1.7625
  chunk 14 | tokens scored 28658 | running PPL = 5.9109 | NLL = 1.7768
  chunk 15 | tokens scored 30705 | running PPL = 6.0050 | NLL = 1.7926
  chunk 16 | tokens scored 32752 | running PPL = 6.1036 | NLL = 1.8089
  chunk 17 | tokens scored 34799 | running PPL = 6.2046 | NLL = 1.8253
  chunk 18 | tokens scored 36846 | running PPL = 6.3269 | NLL = 1.8448
  chunk 19 | tokens scored 38893 | running PPL = 6.4175 | NLL = 1.8590
  chunk 20 | tokens scored 40940 | running PPL = 6.4821 | NLL = 1.8690
  chunk 21 | tokens scored 42987 | running PPL = 6.4814 | NLL = 1.8689
  chunk 22 | tokens scored 45034 | running PPL = 6.3944 | NLL = 1.8554
  chunk 23 | tokens scored 47081 | running PPL = 6.3640 | NLL = 1.8507
  chunk 24 | tokens scored 49128 | running PPL = 6.3938 | NLL = 1.8553
  chunk 25 | tokens scored 51175 | running PPL = 6.3676 | NLL = 1.8512
  chunk 26 | tokens scored 53222 | running PPL = 6.3974 | NLL = 1.8559
  chunk 27 | tokens scored 55269 | running PPL = 6.3887 | NLL = 1.8545
  chunk 28 | tokens scored 57316 | running PPL = 6.4171 | NLL = 1.8590
  chunk 29 | tokens scored 59363 | running PPL = 6.3970 | NLL = 1.8558
  chunk 30 | tokens scored 61410 | running PPL = 6.4666 | NLL = 1.8666
Reached PHI3_PPL_MAX_CHUNKS=30, stopping.

Result:
  chunks scored : 30
  tokens scored : 61410
  mean NLL      : 1.866645
  perplexity    : 6.4666
  wall time     : 3568.08 s
  throughput    : 17.2 tok/s
