Using config.json: /Users/artemrizhov/.cache/huggingface/hub/models--microsoft--Phi-3-mini-4k-instruct/snapshots/0a67737cc96d2554230f90338b163bc6380a2a85/config.json
Loading from 2 shards...
  Shard 1: ./packed-shard1-perm.safetensors
  Shard 2: ./packed-shard2-perm.safetensors
Corpus: /tmp/wt2.txt (1290547 bytes)
Tokens: 335645
Eval : ctx=2048 stride=2048 max_chunks=Some(30)
  chunk 1 | tokens scored 2047 | running PPL = 4.7668 | NLL = 1.5617
  chunk 2 | tokens scored 4094 | running PPL = 5.6738 | NLL = 1.7359
  chunk 3 | tokens scored 6141 | running PPL = 6.5617 | NLL = 1.8813
  chunk 4 | tokens scored 8188 | running PPL = 6.6126 | NLL = 1.8890
  chunk 5 | tokens scored 10235 | running PPL = 6.3124 | NLL = 1.8425
  chunk 6 | tokens scored 12282 | running PPL = 6.1889 | NLL = 1.8228
  chunk 7 | tokens scored 14329 | running PPL = 5.8186 | NLL = 1.7611
  chunk 8 | tokens scored 16376 | running PPL = 5.5629 | NLL = 1.7161
  chunk 9 | tokens scored 18423 | running PPL = 5.5573 | NLL = 1.7151
  chunk 10 | tokens scored 20470 | running PPL = 5.6284 | NLL = 1.7278
  chunk 11 | tokens scored 22517 | running PPL = 5.7806 | NLL = 1.7545
  chunk 12 | tokens scored 24564 | running PPL = 5.8513 | NLL = 1.7667
  chunk 13 | tokens scored 26611 | running PPL = 5.8272 | NLL = 1.7625
  chunk 14 | tokens scored 28658 | running PPL = 5.9076 | NLL = 1.7762
  chunk 15 | tokens scored 30705 | running PPL = 6.0015 | NLL = 1.7920
  chunk 16 | tokens scored 32752 | running PPL = 6.1004 | NLL = 1.8084
  chunk 17 | tokens scored 34799 | running PPL = 6.2028 | NLL = 1.8250
  chunk 18 | tokens scored 36846 | running PPL = 6.3250 | NLL = 1.8445
  chunk 19 | tokens scored 38893 | running PPL = 6.4136 | NLL = 1.8584
  chunk 20 | tokens scored 40940 | running PPL = 6.4792 | NLL = 1.8686
  chunk 21 | tokens scored 42987 | running PPL = 6.4800 | NLL = 1.8687
  chunk 22 | tokens scored 45034 | running PPL = 6.3931 | NLL = 1.8552
  chunk 23 | tokens scored 47081 | running PPL = 6.3606 | NLL = 1.8501
  chunk 24 | tokens scored 49128 | running PPL = 6.3899 | NLL = 1.8547
  chunk 25 | tokens scored 51175 | running PPL = 6.3633 | NLL = 1.8505
  chunk 26 | tokens scored 53222 | running PPL = 6.3925 | NLL = 1.8551
  chunk 27 | tokens scored 55269 | running PPL = 6.3834 | NLL = 1.8537
  chunk 28 | tokens scored 57316 | running PPL = 6.4118 | NLL = 1.8581
  chunk 29 | tokens scored 59363 | running PPL = 6.3912 | NLL = 1.8549
  chunk 30 | tokens scored 61410 | running PPL = 6.4606 | NLL = 1.8657
Reached PHI3_PPL_MAX_CHUNKS=30, stopping.

Result:
  chunks scored : 30
  tokens scored : 61410
  mean NLL      : 1.865728
  perplexity    : 6.4606
  wall time     : 3453.05 s
  throughput    : 17.8 tok/s
