Using config.json: /Users/artemrizhov/.cache/huggingface/hub/models--microsoft--Phi-3-mini-4k-instruct/snapshots/0a67737cc96d2554230f90338b163bc6380a2a85/config.json
Loading from 2 shards...
  Shard 1: ./packed-shard1.safetensors
  Shard 2: ./packed-shard2.safetensors
Corpus: /tmp/wt2.txt (1290547 bytes)
Tokens: 335645
Eval : ctx=2048 stride=2048 max_chunks=Some(30)
  chunk 1 | tokens scored 2047 | running PPL = 4.7783 | NLL = 1.5641
  chunk 2 | tokens scored 4094 | running PPL = 5.6759 | NLL = 1.7362
  chunk 3 | tokens scored 6141 | running PPL = 6.5554 | NLL = 1.8803
  chunk 4 | tokens scored 8188 | running PPL = 6.6067 | NLL = 1.8881
  chunk 5 | tokens scored 10235 | running PPL = 6.3078 | NLL = 1.8418
  chunk 6 | tokens scored 12282 | running PPL = 6.1833 | NLL = 1.8219
  chunk 7 | tokens scored 14329 | running PPL = 5.8136 | NLL = 1.7602
  chunk 8 | tokens scored 16376 | running PPL = 5.5578 | NLL = 1.7152
  chunk 9 | tokens scored 18423 | running PPL = 5.5540 | NLL = 1.7145
  chunk 10 | tokens scored 20470 | running PPL = 5.6234 | NLL = 1.7269
  chunk 11 | tokens scored 22517 | running PPL = 5.7768 | NLL = 1.7539
  chunk 12 | tokens scored 24564 | running PPL = 5.8469 | NLL = 1.7659
  chunk 13 | tokens scored 26611 | running PPL = 5.8199 | NLL = 1.7613
  chunk 14 | tokens scored 28658 | running PPL = 5.9015 | NLL = 1.7752
  chunk 15 | tokens scored 30705 | running PPL = 5.9965 | NLL = 1.7912
  chunk 16 | tokens scored 32752 | running PPL = 6.0960 | NLL = 1.8076
  chunk 17 | tokens scored 34799 | running PPL = 6.1964 | NLL = 1.8240
  chunk 18 | tokens scored 36846 | running PPL = 6.3182 | NLL = 1.8434
  chunk 19 | tokens scored 38893 | running PPL = 6.4077 | NLL = 1.8575
  chunk 20 | tokens scored 40940 | running PPL = 6.4738 | NLL = 1.8678
  chunk 21 | tokens scored 42987 | running PPL = 6.4758 | NLL = 1.8681
  chunk 22 | tokens scored 45034 | running PPL = 6.3893 | NLL = 1.8546
  chunk 23 | tokens scored 47081 | running PPL = 6.3578 | NLL = 1.8497
  chunk 24 | tokens scored 49128 | running PPL = 6.3876 | NLL = 1.8544
  chunk 25 | tokens scored 51175 | running PPL = 6.3613 | NLL = 1.8502
  chunk 26 | tokens scored 53222 | running PPL = 6.3909 | NLL = 1.8549
  chunk 27 | tokens scored 55269 | running PPL = 6.3822 | NLL = 1.8535
  chunk 28 | tokens scored 57316 | running PPL = 6.4107 | NLL = 1.8580
  chunk 29 | tokens scored 59363 | running PPL = 6.3903 | NLL = 1.8548
  chunk 30 | tokens scored 61410 | running PPL = 6.4602 | NLL = 1.8657
Reached PHI3_PPL_MAX_CHUNKS=30, stopping.

Result:
  chunks scored : 30
  tokens scored : 61410
  mean NLL      : 1.865666
  perplexity    : 6.4602
  wall time     : 3453.61 s
  throughput    : 17.8 tok/s
