Using config.json: /Users/artemrizhov/.cache/huggingface/hub/models--microsoft--Phi-3-mini-4k-instruct/snapshots/0a67737cc96d2554230f90338b163bc6380a2a85/config.json
Loading from 2 shards...
  Shard 1: ./packed-shard1-base.safetensors
  Shard 2: ./packed-shard2-base.safetensors
loaded Q8K: model.layers.0.self_attn.qkv_proj.weight [9216 x 3072], blocks=110592, bytes=32292888
loaded Q8K: model.layers.0.self_attn.o_proj.weight [3072 x 3072], blocks=36864, bytes=10764312
loaded Q8K: model.layers.0.mlp.gate_up_proj.weight [16384 x 3072], blocks=196608, bytes=57409560
loaded Q4K: model.layers.0.mlp.down_proj.weight [3072 x 8192], blocks=98304, bytes=14155776
loaded Q8K: model.layers.1.self_attn.qkv_proj.weight [9216 x 3072], blocks=110592, bytes=32292888
loaded Q8K: model.layers.1.self_attn.o_proj.weight [3072 x 3072], blocks=36864, bytes=10764312
loaded Q8K: model.layers.1.mlp.gate_up_proj.weight [16384 x 3072], blocks=196608, bytes=57409560
loaded Q4K: model.layers.1.mlp.down_proj.weight [3072 x 8192], blocks=98304, bytes=14155776
loaded Q8K: model.layers.2.self_attn.qkv_proj.weight [9216 x 3072], blocks=110592, bytes=32292888
loaded Q8K: model.layers.2.self_attn.o_proj.weight [3072 x 3072], blocks=36864, bytes=10764312
loaded Q8K: model.layers.2.mlp.gate_up_proj.weight [16384 x 3072], blocks=196608, bytes=57409560
loaded Q4K: model.layers.2.mlp.down_proj.weight [3072 x 8192], blocks=98304, bytes=14155776
loaded Q8K: model.layers.3.self_attn.qkv_proj.weight [9216 x 3072], blocks=110592, bytes=32292888
loaded Q8K: model.layers.3.self_attn.o_proj.weight [3072 x 3072], blocks=36864, bytes=10764312
loaded Q8K: model.layers.3.mlp.gate_up_proj.weight [16384 x 3072], blocks=196608, bytes=57409560
loaded Q4K: model.layers.3.mlp.down_proj.weight [3072 x 8192], blocks=98304, bytes=14155776
loaded Q8K: model.layers.4.self_attn.qkv_proj.weight [9216 x 3072], blocks=110592, bytes=32292888
loaded Q8K: model.layers.4.self_attn.o_proj.weight [3072 x 3072], blocks=36864, bytes=10764312
loaded Q8K: model.layers.4.mlp.gate_up_proj.weight [16384 x 3072], blocks=196608, bytes=57409560
loaded Q4K: model.layers.4.mlp.down_proj.weight [3072 x 8192], blocks=98304, bytes=14155776
loaded Q8K: model.layers.5.self_attn.qkv_proj.weight [9216 x 3072], blocks=110592, bytes=32292888
loaded Q8K: model.layers.5.self_attn.o_proj.weight [3072 x 3072], blocks=36864, bytes=10764312
loaded Q8K: model.layers.5.mlp.gate_up_proj.weight [16384 x 3072], blocks=196608, bytes=57409560
loaded Q4K: model.layers.5.mlp.down_proj.weight [3072 x 8192], blocks=98304, bytes=14155776
loaded Q8K: model.layers.6.self_attn.qkv_proj.weight [9216 x 3072], blocks=110592, bytes=32292888
loaded Q8K: model.layers.6.self_attn.o_proj.weight [3072 x 3072], blocks=36864, bytes=10764312
loaded Q8K: model.layers.6.mlp.gate_up_proj.weight [16384 x 3072], blocks=196608, bytes=57409560
loaded Q4K: model.layers.6.mlp.down_proj.weight [3072 x 8192], blocks=98304, bytes=14155776
loaded Q8K: model.layers.7.self_attn.qkv_proj.weight [9216 x 3072], blocks=110592, bytes=32292888
loaded Q8K: model.layers.7.self_attn.o_proj.weight [3072 x 3072], blocks=36864, bytes=10764312
loaded Q8K: model.layers.7.mlp.gate_up_proj.weight [16384 x 3072], blocks=196608, bytes=57409560
loaded Q4K: model.layers.7.mlp.down_proj.weight [3072 x 8192], blocks=98304, bytes=14155776
loaded Q8K: model.layers.8.self_attn.qkv_proj.weight [9216 x 3072], blocks=110592, bytes=32292888
loaded Q8K: model.layers.8.self_attn.o_proj.weight [3072 x 3072], blocks=36864, bytes=10764312
loaded Q8K: model.layers.8.mlp.gate_up_proj.weight [16384 x 3072], blocks=196608, bytes=57409560
loaded Q4K: model.layers.8.mlp.down_proj.weight [3072 x 8192], blocks=98304, bytes=14155776
loaded Q8K: model.layers.9.self_attn.qkv_proj.weight [9216 x 3072], blocks=110592, bytes=32292888
loaded Q8K: model.layers.9.self_attn.o_proj.weight [3072 x 3072], blocks=36864, bytes=10764312
loaded Q8K: model.layers.9.mlp.gate_up_proj.weight [16384 x 3072], blocks=196608, bytes=57409560
loaded Q4K: model.layers.9.mlp.down_proj.weight [3072 x 8192], blocks=98304, bytes=14155776
loaded Q8K: model.layers.10.self_attn.qkv_proj.weight [9216 x 3072], blocks=110592, bytes=32292888
loaded Q8K: model.layers.10.self_attn.o_proj.weight [3072 x 3072], blocks=36864, bytes=10764312
loaded Q8K: model.layers.10.mlp.gate_up_proj.weight [16384 x 3072], blocks=196608, bytes=57409560
loaded Q4K: model.layers.10.mlp.down_proj.weight [3072 x 8192], blocks=98304, bytes=14155776
loaded Q8K: model.layers.11.self_attn.qkv_proj.weight [9216 x 3072], blocks=110592, bytes=32292888
loaded Q8K: model.layers.11.self_attn.o_proj.weight [3072 x 3072], blocks=36864, bytes=10764312
loaded Q8K: model.layers.11.mlp.gate_up_proj.weight [16384 x 3072], blocks=196608, bytes=57409560
loaded Q4K: model.layers.11.mlp.down_proj.weight [3072 x 8192], blocks=98304, bytes=14155776
loaded Q8K: model.layers.12.self_attn.qkv_proj.weight [9216 x 3072], blocks=110592, bytes=32292888
loaded Q8K: model.layers.12.self_attn.o_proj.weight [3072 x 3072], blocks=36864, bytes=10764312
loaded Q8K: model.layers.12.mlp.gate_up_proj.weight [16384 x 3072], blocks=196608, bytes=57409560
loaded Q4K: model.layers.12.mlp.down_proj.weight [3072 x 8192], blocks=98304, bytes=14155776
loaded Q8K: model.layers.13.self_attn.qkv_proj.weight [9216 x 3072], blocks=110592, bytes=32292888
loaded Q8K: model.layers.13.self_attn.o_proj.weight [3072 x 3072], blocks=36864, bytes=10764312
loaded Q8K: model.layers.13.mlp.gate_up_proj.weight [16384 x 3072], blocks=196608, bytes=57409560
loaded Q4K: model.layers.13.mlp.down_proj.weight [3072 x 8192], blocks=98304, bytes=14155776
loaded Q8K: model.layers.14.self_attn.qkv_proj.weight [9216 x 3072], blocks=110592, bytes=32292888
loaded Q8K: model.layers.14.self_attn.o_proj.weight [3072 x 3072], blocks=36864, bytes=10764312
loaded Q8K: model.layers.14.mlp.gate_up_proj.weight [16384 x 3072], blocks=196608, bytes=57409560
loaded Q4K: model.layers.14.mlp.down_proj.weight [3072 x 8192], blocks=98304, bytes=14155776
loaded Q8K: model.layers.15.self_attn.qkv_proj.weight [9216 x 3072], blocks=110592, bytes=32292888
loaded Q8K: model.layers.15.self_attn.o_proj.weight [3072 x 3072], blocks=36864, bytes=10764312
loaded Q8K: model.layers.15.mlp.gate_up_proj.weight [16384 x 3072], blocks=196608, bytes=57409560
loaded Q4K: model.layers.15.mlp.down_proj.weight [3072 x 8192], blocks=98304, bytes=14155776
loaded Q8K: model.layers.16.self_attn.qkv_proj.weight [9216 x 3072], blocks=110592, bytes=32292888
loaded Q8K: model.layers.16.self_attn.o_proj.weight [3072 x 3072], blocks=36864, bytes=10764312
loaded Q8K: model.layers.16.mlp.gate_up_proj.weight [16384 x 3072], blocks=196608, bytes=57409560
loaded Q4K: model.layers.16.mlp.down_proj.weight [3072 x 8192], blocks=98304, bytes=14155776
loaded Q8K: model.layers.17.self_attn.qkv_proj.weight [9216 x 3072], blocks=110592, bytes=32292888
loaded Q8K: model.layers.17.self_attn.o_proj.weight [3072 x 3072], blocks=36864, bytes=10764312
loaded Q8K: model.layers.17.mlp.gate_up_proj.weight [16384 x 3072], blocks=196608, bytes=57409560
loaded Q4K: model.layers.17.mlp.down_proj.weight [3072 x 8192], blocks=98304, bytes=14155776
loaded Q8K: model.layers.18.self_attn.qkv_proj.weight [9216 x 3072], blocks=110592, bytes=32292888
loaded Q8K: model.layers.18.self_attn.o_proj.weight [3072 x 3072], blocks=36864, bytes=10764312
loaded Q8K: model.layers.18.mlp.gate_up_proj.weight [16384 x 3072], blocks=196608, bytes=57409560
loaded Q4K: model.layers.18.mlp.down_proj.weight [3072 x 8192], blocks=98304, bytes=14155776
loaded Q8K: model.layers.19.self_attn.qkv_proj.weight [9216 x 3072], blocks=110592, bytes=32292888
loaded Q8K: model.layers.19.self_attn.o_proj.weight [3072 x 3072], blocks=36864, bytes=10764312
loaded Q8K: model.layers.19.mlp.gate_up_proj.weight [16384 x 3072], blocks=196608, bytes=57409560
loaded Q4K: model.layers.19.mlp.down_proj.weight [3072 x 8192], blocks=98304, bytes=14155776
loaded Q8K: model.layers.20.self_attn.qkv_proj.weight [9216 x 3072], blocks=110592, bytes=32292888
loaded Q8K: model.layers.20.self_attn.o_proj.weight [3072 x 3072], blocks=36864, bytes=10764312
loaded Q8K: model.layers.20.mlp.gate_up_proj.weight [16384 x 3072], blocks=196608, bytes=57409560
loaded Q4K: model.layers.20.mlp.down_proj.weight [3072 x 8192], blocks=98304, bytes=14155776
loaded Q8K: model.layers.21.self_attn.qkv_proj.weight [9216 x 3072], blocks=110592, bytes=32292888
loaded Q8K: model.layers.21.self_attn.o_proj.weight [3072 x 3072], blocks=36864, bytes=10764312
loaded Q8K: model.layers.21.mlp.gate_up_proj.weight [16384 x 3072], blocks=196608, bytes=57409560
loaded Q4K: model.layers.21.mlp.down_proj.weight [3072 x 8192], blocks=98304, bytes=14155776
loaded Q8K: model.layers.22.self_attn.qkv_proj.weight [9216 x 3072], blocks=110592, bytes=32292888
loaded Q8K: model.layers.22.self_attn.o_proj.weight [3072 x 3072], blocks=36864, bytes=10764312
loaded Q8K: model.layers.22.mlp.gate_up_proj.weight [16384 x 3072], blocks=196608, bytes=57409560
loaded Q4K: model.layers.22.mlp.down_proj.weight [3072 x 8192], blocks=98304, bytes=14155776
loaded Q8K: model.layers.23.self_attn.qkv_proj.weight [9216 x 3072], blocks=110592, bytes=32292888
loaded Q8K: model.layers.23.self_attn.o_proj.weight [3072 x 3072], blocks=36864, bytes=10764312
loaded Q8K: model.layers.23.mlp.gate_up_proj.weight [16384 x 3072], blocks=196608, bytes=57409560
loaded Q4K: model.layers.23.mlp.down_proj.weight [3072 x 8192], blocks=98304, bytes=14155776
loaded Q8K: model.layers.24.self_attn.qkv_proj.weight [9216 x 3072], blocks=110592, bytes=32292888
loaded Q8K: model.layers.24.self_attn.o_proj.weight [3072 x 3072], blocks=36864, bytes=10764312
loaded Q8K: model.layers.24.mlp.gate_up_proj.weight [16384 x 3072], blocks=196608, bytes=57409560
loaded Q4K: model.layers.24.mlp.down_proj.weight [3072 x 8192], blocks=98304, bytes=14155776
loaded Q8K: model.layers.25.self_attn.qkv_proj.weight [9216 x 3072], blocks=110592, bytes=32292888
loaded Q8K: model.layers.25.self_attn.o_proj.weight [3072 x 3072], blocks=36864, bytes=10764312
loaded Q8K: model.layers.25.mlp.gate_up_proj.weight [16384 x 3072], blocks=196608, bytes=57409560
loaded Q4K: model.layers.25.mlp.down_proj.weight [3072 x 8192], blocks=98304, bytes=14155776
loaded Q8K: model.layers.26.self_attn.qkv_proj.weight [9216 x 3072], blocks=110592, bytes=32292888
loaded Q8K: model.layers.26.self_attn.o_proj.weight [3072 x 3072], blocks=36864, bytes=10764312
loaded Q8K: model.layers.26.mlp.gate_up_proj.weight [16384 x 3072], blocks=196608, bytes=57409560
loaded Q4K: model.layers.26.mlp.down_proj.weight [3072 x 8192], blocks=98304, bytes=14155776
loaded Q8K: model.layers.27.self_attn.qkv_proj.weight [9216 x 3072], blocks=110592, bytes=32292888
loaded Q8K: model.layers.27.self_attn.o_proj.weight [3072 x 3072], blocks=36864, bytes=10764312
loaded Q8K: model.layers.27.mlp.gate_up_proj.weight [16384 x 3072], blocks=196608, bytes=57409560
loaded Q4K: model.layers.27.mlp.down_proj.weight [3072 x 8192], blocks=98304, bytes=14155776
loaded Q8K: model.layers.28.self_attn.qkv_proj.weight [9216 x 3072], blocks=110592, bytes=32292888
loaded Q8K: model.layers.28.self_attn.o_proj.weight [3072 x 3072], blocks=36864, bytes=10764312
loaded Q8K: model.layers.28.mlp.gate_up_proj.weight [16384 x 3072], blocks=196608, bytes=57409560
loaded Q4K: model.layers.28.mlp.down_proj.weight [3072 x 8192], blocks=98304, bytes=14155776
loaded Q8K: model.layers.29.self_attn.qkv_proj.weight [9216 x 3072], blocks=110592, bytes=32292888
loaded Q8K: model.layers.29.self_attn.o_proj.weight [3072 x 3072], blocks=36864, bytes=10764312
loaded Q8K: model.layers.29.mlp.gate_up_proj.weight [16384 x 3072], blocks=196608, bytes=57409560
loaded Q4K: model.layers.29.mlp.down_proj.weight [3072 x 8192], blocks=98304, bytes=14155776
loaded Q8K: model.layers.30.self_attn.qkv_proj.weight [9216 x 3072], blocks=110592, bytes=32292888
loaded Q8K: model.layers.30.self_attn.o_proj.weight [3072 x 3072], blocks=36864, bytes=10764312
loaded Q8K: model.layers.30.mlp.gate_up_proj.weight [16384 x 3072], blocks=196608, bytes=57409560
loaded Q4K: model.layers.30.mlp.down_proj.weight [3072 x 8192], blocks=98304, bytes=14155776
loaded Q8K: model.layers.31.self_attn.qkv_proj.weight [9216 x 3072], blocks=110592, bytes=32292888
loaded Q8K: model.layers.31.self_attn.o_proj.weight [3072 x 3072], blocks=36864, bytes=10764312
loaded Q8K: model.layers.31.mlp.gate_up_proj.weight [16384 x 3072], blocks=196608, bytes=57409560
loaded Q4K: model.layers.31.mlp.down_proj.weight [3072 x 8192], blocks=98304, bytes=14155776
loaded Q8K: lm_head.weight [32064 x 3072], blocks=384768, bytes=112352280
Corpus: /tmp/wt2.txt (1256449 bytes)
Tokens: 337885
Eval : ctx=2048 stride=2048 max_chunks=Some(30)
  chunk 1 | tokens scored 2047 | running PPL = 5.2666 | NLL = 1.6614
  chunk 2 | tokens scored 4094 | running PPL = 6.5959 | NLL = 1.8864
  chunk 3 | tokens scored 6141 | running PPL = 7.6362 | NLL = 2.0329
  chunk 4 | tokens scored 8188 | running PPL = 7.6513 | NLL = 2.0349
  chunk 5 | tokens scored 10235 | running PPL = 7.2750 | NLL = 1.9844
  chunk 6 | tokens scored 12282 | running PPL = 7.0964 | NLL = 1.9596
  chunk 7 | tokens scored 14329 | running PPL = 6.7169 | NLL = 1.9046
  chunk 8 | tokens scored 16376 | running PPL = 6.3912 | NLL = 1.8549
  chunk 9 | tokens scored 18423 | running PPL = 6.4339 | NLL = 1.8616
  chunk 10 | tokens scored 20470 | running PPL = 6.5230 | NLL = 1.8753
  chunk 11 | tokens scored 22517 | running PPL = 6.6573 | NLL = 1.8957
  chunk 12 | tokens scored 24564 | running PPL = 6.7457 | NLL = 1.9089
  chunk 13 | tokens scored 26611 | running PPL = 6.6257 | NLL = 1.8909
  chunk 14 | tokens scored 28658 | running PPL = 6.7241 | NLL = 1.9057
  chunk 15 | tokens scored 30705 | running PPL = 6.8089 | NLL = 1.9182
  chunk 16 | tokens scored 32752 | running PPL = 6.9019 | NLL = 1.9318
  chunk 17 | tokens scored 34799 | running PPL = 7.0020 | NLL = 1.9462
  chunk 18 | tokens scored 36846 | running PPL = 7.1245 | NLL = 1.9635
  chunk 19 | tokens scored 38893 | running PPL = 7.2271 | NLL = 1.9778
  chunk 20 | tokens scored 40940 | running PPL = 7.2737 | NLL = 1.9843
  chunk 21 | tokens scored 42987 | running PPL = 7.2476 | NLL = 1.9807
  chunk 22 | tokens scored 45034 | running PPL = 7.1416 | NLL = 1.9659
  chunk 23 | tokens scored 47081 | running PPL = 7.0726 | NLL = 1.9562
  chunk 24 | tokens scored 49128 | running PPL = 7.1171 | NLL = 1.9625
  chunk 25 | tokens scored 51175 | running PPL = 7.1005 | NLL = 1.9602
  chunk 26 | tokens scored 53222 | running PPL = 7.1534 | NLL = 1.9676
  chunk 27 | tokens scored 55269 | running PPL = 7.1566 | NLL = 1.9680
  chunk 28 | tokens scored 57316 | running PPL = 7.1856 | NLL = 1.9721
  chunk 29 | tokens scored 59363 | running PPL = 7.2197 | NLL = 1.9768
  chunk 30 | tokens scored 61410 | running PPL = 7.2652 | NLL = 1.9831
Reached PHI3_PPL_MAX_CHUNKS=30, stopping.

Result:
  chunks scored : 30
  tokens scored : 61410
  mean NLL      : 1.983096
  perplexity    : 7.2652
  wall time     : 3641.09 s
  throughput    : 16.9 tok/s
